2017.326027
   Z       E         F
   1  1.000E-02  1.484E+03
   1  1.150E-02  1.679E+03
   1  1.322E-02  1.895E+03
   1  1.520E-02  2.133E+03
   1  1.748E-02  2.395E+03
   1  2.009E-02  2.679E+03
   1  2.310E-02  2.986E+03
   1  2.656E-02  3.316E+03
   1  3.054E-02  3.665E+03
   1  3.511E-02  4.030E+03
   1  4.037E-02  4.407E+03
   1  4.642E-02  4.791E+03
   1  5.337E-02  5.173E+03
   1  6.136E-02  5.546E+03
   1  7.055E-02  5.899E+03
   1  8.111E-02  6.221E+03
   1  9.326E-02  6.503E+03
   1  1.072E-01  6.732E+03
   1  1.233E-01  6.901E+03
   1  1.417E-01  6.997E+03
   1  1.630E-01  7.017E+03
   1  1.874E-01  6.955E+03
   1  2.154E-01  6.812E+03
   1  2.477E-01  6.589E+03
   1  2.848E-01  6.292E+03
   1  3.275E-01  5.930E+03
   1  3.765E-01  5.516E+03
   1  4.329E-01  5.060E+03
   1  4.977E-01  4.579E+03
   1  5.722E-01  4.086E+03
   1  6.579E-01  3.595E+03
   1  7.565E-01  3.118E+03
   1  8.697E-01  2.667E+03
   1  1.000E+00  2.249E+03
   1  1.150E+00  1.869E+03
   1  1.322E+00  1.533E+03
   1  1.520E+00  1.241E+03
   1  1.748E+00  9.903E+02
   1  2.009E+00  7.814E+02
   1  2.310E+00  6.086E+02
   1  2.656E+00  4.686E+02
   1  3.054E+00  3.567E+02
   1  3.511E+00  2.689E+02
   1  4.037E+00  2.007E+02
   1  4.642E+00  1.484E+02
   1  5.337E+00  1.088E+02
   1  6.136E+00  7.922E+01
   1  7.055E+00  5.726E+01
   1  8.111E+00  4.113E+01
   1  9.326E+00  2.936E+01
   1  1.072E+01  2.087E+01
   1  1.233E+01  1.474E+01
   1  1.417E+01  1.039E+01
   1  1.630E+01  7.276E+00
   1  1.874E+01  5.087E+00
   1  2.154E+01  3.548E+00
   1  2.477E+01  2.465E+00
   1  2.848E+01  1.710E+00
   1  3.275E+01  1.183E+00
   1  3.765E+01  8.174E-01
   1  4.329E+01  5.637E-01
   1  4.977E+01  3.884E-01
   1  5.722E+01  2.672E-01
   1  6.579E+01  1.836E-01
   1  7.565E+01  1.261E-01
   1  8.697E+01  8.651E-02
   1  1.000E+02  5.930E-02
   1  1.150E+02  4.060E-02
   1  1.322E+02  2.781E-02
   1  1.520E+02  1.904E-02
   1  1.748E+02  1.302E-02
   1  2.009E+02  8.911E-03
   1  2.310E+02  6.092E-03
   1  2.656E+02  4.163E-03
   1  3.054E+02  2.844E-03
   1  3.511E+02  1.944E-03
   1  4.037E+02  1.328E-03
   1  4.642E+02  9.064E-04
   1  5.337E+02  6.190E-04
   1  6.136E+02  4.227E-04
   1  7.055E+02  2.886E-04
   1  8.111E+02  1.970E-04
   1  9.326E+02  1.345E-04
   1  1.072E+03  9.186E-05
   1  1.233E+03  6.263E-05
   1  1.417E+03  4.280E-05
   1  1.630E+03  2.917E-05
   1  1.874E+03  1.991E-05
   1  2.154E+03  1.360E-05
   1  2.477E+03  9.273E-06
   1  2.848E+03  6.327E-06
   1  3.275E+03  4.316E-06
   1  3.765E+03  2.946E-06
   1  4.329E+03  2.010E-06
   1  4.977E+03  1.371E-06
   1  5.722E+03  9.359E-07
   1  6.579E+03  6.386E-07
   1  7.565E+03  4.356E-07
   1  8.697E+03  2.973E-07
   1  1.000E+04  2.028E-07
   2  4.000E-02  5.208E+01
   2  4.600E-02  5.833E+01
   2  5.288E-02  6.508E+01
   2  6.080E-02  7.234E+01
   2  6.992E-02  8.008E+01
   2  8.036E-02  8.820E+01
   2  9.240E-02  9.667E+01
   2  1.062E-01  1.054E+02
   2  1.222E-01  1.141E+02
   2  1.404E-01  1.228E+02
   2  1.615E-01  1.313E+02
   2  1.857E-01  1.392E+02
   2  2.135E-01  1.465E+02
   2  2.454E-01  1.529E+02
   2  2.822E-01  1.581E+02
   2  3.244E-01  1.621E+02
   2  3.730E-01  1.646E+02
   2  4.288E-01  1.654E+02
   2  4.932E-01  1.647E+02
   2  5.668E-01  1.622E+02
   2  6.520E-01  1.581E+02
   2  7.496E-01  1.524E+02
   2  8.616E-01  1.453E+02
   2  9.908E-01  1.369E+02
   2  1.139E+00  1.276E+02
   2  1.310E+00  1.174E+02
   2  1.506E+00  1.068E+02
   2  1.732E+00  9.586E+01
   2  1.991E+00  8.499E+01
   2  2.289E+00  7.438E+01
   2  2.632E+00  6.424E+01
   2  3.026E+00  5.474E+01
   2  3.479E+00  4.603E+01
   2  4.000E+00  3.819E+01
   2  4.600E+00  3.125E+01
   2  5.288E+00  2.525E+01
   2  6.080E+00  2.014E+01
   2  6.992E+00  1.585E+01
   2  8.036E+00  1.234E+01
   2  9.240E+00  9.491E+00
   2  1.062E+01  7.217E+00
   2  1.222E+01  5.430E+00
   2  1.404E+01  4.047E+00
   2  1.615E+01  2.987E+00
   2  1.857E+01  2.186E+00
   2  2.135E+01  1.588E+00
   2  2.454E+01  1.145E+00
   2  2.822E+01  8.203E-01
   2  3.244E+01  5.842E-01
   2  3.730E+01  4.137E-01
   2  4.288E+01  2.918E-01
   2  4.932E+01  2.046E-01
   2  5.668E+01  1.432E-01
   2  6.520E+01  9.964E-02
   2  7.496E+01  6.921E-02
   2  8.616E+01  4.798E-02
   2  9.908E+01  3.314E-02
   2  1.139E+02  2.285E-02
   2  1.310E+02  1.572E-02
   2  1.506E+02  1.081E-02
   2  1.732E+02  7.415E-03
   2  1.991E+02  5.082E-03
   2  2.289E+02  3.480E-03
   2  2.632E+02  2.380E-03
   2  3.026E+02  1.626E-03
   2  3.479E+02  1.110E-03
   2  4.000E+02  7.575E-04
   2  4.600E+02  5.163E-04
   2  5.288E+02  3.521E-04
   2  6.080E+02  2.399E-04
   2  6.992E+02  1.633E-04
   2  8.036E+02  1.113E-04
   2  9.240E+02  7.575E-05
   2  1.062E+03  5.155E-05
   2  1.222E+03  3.506E-05
   2  1.404E+03  2.386E-05
   2  1.615E+03  1.622E-05
   2  1.857E+03  1.103E-05
   2  2.135E+03  7.501E-06
   2  2.454E+03  5.100E-06
   2  2.822E+03  3.467E-06
   2  3.244E+03  2.357E-06
   2  3.730E+03  1.602E-06
   2  4.288E+03  1.090E-06
   2  4.932E+03  7.398E-07
   2  5.668E+03  5.034E-07
   2  6.520E+03  3.417E-07
   2  7.496E+03  2.322E-07
   2  8.616E+03  1.579E-07
   2  9.908E+03  1.073E-07
   2  1.139E+04  7.288E-08
   2  1.310E+04  4.950E-08
   2  1.506E+04  3.365E-08
   2  1.732E+04  2.286E-08
   2  1.991E+04  1.553E-08
   2  2.289E+04  1.056E-08
   2  2.632E+04  7.172E-09
   2  3.026E+04  4.872E-09
   2  3.479E+04  3.311E-09
   2  4.000E+04  2.249E-09
   3  7.000E-02  1.146E-01
   3  8.050E-02  1.282E-01
   3  9.254E-02  1.428E-01
   3  1.064E-01  1.585E-01
   3  1.224E-01  1.752E-01
   3  1.406E-01  1.927E-01
   3  1.617E-01  2.108E-01
   3  1.859E-01  2.294E-01
   3  2.138E-01  2.481E-01
   3  2.458E-01  2.665E-01
   3  2.826E-01  2.844E-01
   3  3.249E-01  3.012E-01
   3  3.736E-01  3.165E-01
   3  4.295E-01  3.299E-01
   3  4.939E-01  3.410E-01
   3  5.678E-01  3.493E-01
   3  6.528E-01  3.546E-01
   3  7.504E-01  3.566E-01
   3  8.631E-01  3.550E-01
   3  9.919E-01  3.500E-01
   3  1.141E+00  3.415E-01
   3  1.312E+00  3.296E-01
   3  1.508E+00  3.148E-01
   3  1.734E+00  2.972E-01
   3  1.994E+00  2.773E-01
   3  2.292E+00  2.556E-01
   3  2.636E+00  2.328E-01
   3  3.030E+00  2.093E-01
   3  3.484E+00  1.858E-01
   3  4.005E+00  1.627E-01
   3  4.605E+00  1.406E-01
   3  5.296E+00  1.198E-01
   3  6.088E+00  1.006E-01
   3  7.000E+00  8.339E-02
   3  8.050E+00  6.812E-02
   3  9.254E+00  5.492E-02
   3  1.064E+01  4.367E-02
   3  1.224E+01  3.426E-02
   3  1.406E+01  2.657E-02
   3  1.617E+01  2.034E-02
   3  1.859E+01  1.539E-02
   3  2.138E+01  1.152E-02
   3  2.458E+01  8.542E-03
   3  2.826E+01  6.270E-03
   3  3.249E+01  4.561E-03
   3  3.736E+01  3.293E-03
   3  4.295E+01  2.360E-03
   3  4.938E+01  1.679E-03
   3  5.678E+01  1.188E-03
   3  6.528E+01  8.360E-04
   3  7.504E+01  5.857E-04
   3  8.631E+01  4.078E-04
   3  9.919E+01  2.835E-04
   3  1.141E+02  1.959E-04
   3  1.312E+02  1.352E-04
   3  1.508E+02  9.306E-05
   3  1.734E+02  6.383E-05
   3  1.994E+02  4.371E-05
   3  2.292E+02  2.986E-05
   3  2.636E+02  2.039E-05
   3  3.030E+02  1.389E-05
   3  3.484E+02  9.454E-06
   3  4.005E+02  6.428E-06
   3  4.605E+02  4.365E-06
   3  5.296E+02  2.961E-06
   3  6.088E+02  2.009E-06
   3  7.000E+02  1.361E-06
   3  8.050E+02  9.211E-07
   3  9.254E+02  6.238E-07
   3  1.064E+03  4.221E-07
   3  1.224E+03  2.853E-07
   3  1.406E+03  1.931E-07
   3  1.617E+03  1.305E-07
   3  1.859E+03  8.819E-08
   3  2.138E+03  5.957E-08
   3  2.458E+03  4.026E-08
   3  2.826E+03  2.718E-08
   3  3.249E+03  1.835E-08
   3  3.736E+03  1.239E-08
   3  4.295E+03  8.369E-09
   3  4.938E+03  5.650E-09
   3  5.678E+03  3.814E-09
   3  6.528E+03  2.574E-09
   3  7.504E+03  1.739E-09
   3  8.631E+03  1.172E-09
   3  9.919E+03  7.922E-10
   3  1.141E+04  5.339E-10
   3  1.312E+04  3.603E-10
   3  1.508E+04  2.434E-10
   3  1.734E+04  1.641E-10
   3  1.994E+04  1.107E-10
   3  2.292E+04  7.470E-11
   3  2.636E+04  5.042E-11
   3  3.030E+04  3.402E-11
   3  3.484E+04  2.296E-11
   3  4.005E+04  1.549E-11
   3  4.605E+04  1.045E-11
   3  5.296E+04  7.050E-12
   3  6.088E+04  4.758E-12
   3  7.000E+04  3.210E-12
   4  9.000E-02  3.522E-02
   4  1.035E-01  3.963E-02
   4  1.190E-01  4.446E-02
   4  1.368E-01  4.972E-02
   4  1.573E-01  5.542E-02
   4  1.808E-01  6.151E-02
   4  2.079E-01  6.800E-02
   4  2.390E-01  7.483E-02
   4  2.749E-01  8.193E-02
   4  3.160E-01  8.921E-02
   4  3.633E-01  9.657E-02
   4  4.178E-01  1.039E-01
   4  4.803E-01  1.110E-01
   4  5.522E-01  1.177E-01
   4  6.350E-01  1.239E-01
   4  7.300E-01  1.294E-01
   4  8.393E-01  1.340E-01
   4  9.648E-01  1.375E-01
   4  1.110E+00  1.397E-01
   4  1.275E+00  1.406E-01
   4  1.467E+00  1.400E-01
   4  1.687E+00  1.379E-01
   4  1.939E+00  1.342E-01
   4  2.229E+00  1.291E-01
   4  2.563E+00  1.226E-01
   4  2.947E+00  1.149E-01
   4  3.389E+00  1.062E-01
   4  3.896E+00  9.669E-02
   4  4.479E+00  8.675E-02
   4  5.150E+00  7.663E-02
   4  5.921E+00  6.661E-02
   4  6.809E+00  5.697E-02
   4  7.827E+00  4.794E-02
   4  9.000E+00  3.967E-02
   4  1.035E+01  3.228E-02
   4  1.190E+01  2.586E-02
   4  1.368E+01  2.039E-02
   4  1.573E+01  1.582E-02
   4  1.808E+01  1.211E-02
   4  2.079E+01  9.126E-03
   4  2.390E+01  6.788E-03
   4  2.749E+01  4.985E-03
   4  3.160E+01  3.620E-03
   4  3.633E+01  2.599E-03
   4  4.178E+01  1.847E-03
   4  4.803E+01  1.301E-03
   4  5.522E+01  9.087E-04
   4  6.349E+01  6.299E-04
   4  7.300E+01  4.337E-04
   4  8.393E+01  2.968E-04
   4  9.648E+01  2.021E-04
   4  1.110E+02  1.367E-04
   4  1.275E+02  9.230E-05
   4  1.467E+02  6.191E-05
   4  1.687E+02  4.145E-05
   4  1.939E+02  2.768E-05
   4  2.229E+02  1.842E-05
   4  2.563E+02  1.223E-05
   4  2.948E+02  8.101E-06
   4  3.389E+02  5.361E-06
   4  3.896E+02  3.540E-06
   4  4.479E+02  2.335E-06
   4  5.150E+02  1.539E-06
   4  5.921E+02  1.013E-06
   4  6.809E+02  6.655E-07
   4  7.827E+02  4.373E-07
   4  9.000E+02  2.870E-07
   4  1.035E+03  1.882E-07
   4  1.190E+03  1.235E-07
   4  1.368E+03  8.091E-08
   4  1.573E+03  5.298E-08
   4  1.808E+03  3.473E-08
   4  2.079E+03  2.274E-08
   4  2.390E+03  1.488E-08
   4  2.749E+03  9.736E-09
   4  3.160E+03  6.371E-09
   4  3.633E+03  4.167E-09
   4  4.178E+03  2.725E-09
   4  4.803E+03  1.782E-09
   4  5.522E+03  1.165E-09
   4  6.350E+03  7.619E-10
   4  7.300E+03  4.982E-10
   4  8.393E+03  3.256E-10
   4  9.648E+03  2.130E-10
   4  1.110E+04  1.391E-10
   4  1.275E+04  9.101E-11
   4  1.467E+04  5.939E-11
   4  1.687E+04  3.882E-11
   4  1.939E+04  2.539E-11
   4  2.229E+04  1.659E-11
   4  2.563E+04  1.084E-11
   4  2.948E+04  7.078E-12
   4  3.388E+04  4.627E-12
   4  3.896E+04  3.023E-12
   4  4.479E+04  1.976E-12
   4  5.150E+04  1.291E-12
   4  5.921E+04  8.436E-13
   4  6.808E+04  5.511E-13
   4  7.827E+04  3.602E-13
   4  9.000E+04  2.353E-13
   5  1.100E-01  1.194E-01
   5  1.265E-01  1.341E-01
   5  1.454E-01  1.501E-01
   5  1.672E-01  1.675E-01
   5  1.923E-01  1.862E-01
   5  2.210E-01  2.061E-01
   5  2.541E-01  2.271E-01
   5  2.922E-01  2.490E-01
   5  3.359E-01  2.715E-01
   5  3.862E-01  2.943E-01
   5  4.441E-01  3.171E-01
   5  5.106E-01  3.393E-01
   5  5.871E-01  3.605E-01
   5  6.750E-01  3.801E-01
   5  7.761E-01  3.976E-01
   5  8.922E-01  4.124E-01
   5  1.026E+00  4.240E-01
   5  1.179E+00  4.319E-01
   5  1.356E+00  4.358E-01
   5  1.559E+00  4.353E-01
   5  1.793E+00  4.302E-01
   5  2.061E+00  4.206E-01
   5  2.369E+00  4.066E-01
   5  2.725E+00  3.883E-01
   5  3.133E+00  3.664E-01
   5  3.602E+00  3.412E-01
   5  4.142E+00  3.136E-01
   5  4.762E+00  2.842E-01
   5  5.475E+00  2.540E-01
   5  6.294E+00  2.236E-01
   5  7.237E+00  1.940E-01
   5  8.322E+00  1.657E-01
   5  9.567E+00  1.394E-01
   5  1.100E+01  1.154E-01
   5  1.265E+01  9.406E-02
   5  1.454E+01  7.556E-02
   5  1.672E+01  5.978E-02
   5  1.923E+01  4.659E-02
   5  2.210E+01  3.585E-02
   5  2.541E+01  2.719E-02
   5  2.922E+01  2.037E-02
   5  3.359E+01  1.507E-02
   5  3.862E+01  1.104E-02
   5  4.441E+01  7.994E-03
   5  5.106E+01  5.735E-03
   5  5.871E+01  4.079E-03
   5  6.750E+01  2.878E-03
   5  7.760E+01  2.016E-03
   5  8.922E+01  1.403E-03
   5  1.026E+02  9.709E-04
   5  1.179E+02  6.686E-04
   5  1.356E+02  4.575E-04
   5  1.559E+02  3.125E-04
   5  1.793E+02  2.121E-04
   5  2.061E+02  1.437E-04
   5  2.369E+02  9.711E-05
   5  2.725E+02  6.539E-05
   5  3.133E+02  4.395E-05
   5  3.602E+02  2.947E-05
   5  4.142E+02  1.974E-05
   5  4.762E+02  1.320E-05
   5  5.475E+02  8.812E-06
   5  6.294E+02  5.878E-06
   5  7.237E+02  3.916E-06
   5  8.322E+02  2.606E-06
   5  9.567E+02  1.734E-06
   5  1.100E+03  1.152E-06
   5  1.265E+03  7.650E-07
   5  1.454E+03  5.082E-07
   5  1.672E+03  3.372E-07
   5  1.923E+03  2.236E-07
   5  2.210E+03  1.484E-07
   5  2.541E+03  9.838E-08
   5  2.922E+03  6.520E-08
   5  3.359E+03  4.319E-08
   5  3.862E+03  2.862E-08
   5  4.441E+03  1.896E-08
   5  5.106E+03  1.255E-08
   5  5.871E+03  8.312E-09
   5  6.750E+03  5.504E-09
   5  7.760E+03  3.644E-09
   5  8.922E+03  2.413E-09
   5  1.026E+04  1.597E-09
   5  1.179E+04  1.058E-09
   5  1.356E+04  6.994E-10
   5  1.559E+04  4.635E-10
   5  1.793E+04  3.063E-10
   5  2.061E+04  2.027E-10
   5  2.369E+04  1.343E-10
   5  2.725E+04  8.881E-11
   5  3.133E+04  5.877E-11
   5  3.602E+04  3.887E-11
   5  4.142E+04  2.573E-11
   5  4.762E+04  1.702E-11
   5  5.475E+04  1.127E-11
   5  6.294E+04  7.455E-12
   5  7.237E+04  4.933E-12
   5  8.322E+04  3.263E-12
   5  9.567E+04  2.160E-12
   5  1.100E+05  1.429E-12
   6  1.200E-01  4.577E-01
   6  1.380E-01  5.129E-01
   6  1.586E-01  5.726E-01
   6  1.824E-01  6.369E-01
   6  2.098E-01  7.056E-01
   6  2.411E-01  7.778E-01
   6  2.772E-01  8.533E-01
   6  3.187E-01  9.311E-01
   6  3.665E-01  1.010E+00
   6  4.213E-01  1.088E+00
   6  4.844E-01  1.165E+00
   6  5.570E-01  1.237E+00
   6  6.404E-01  1.304E+00
   6  7.363E-01  1.363E+00
   6  8.466E-01  1.413E+00
   6  9.733E-01  1.451E+00
   6  1.119E+00  1.476E+00
   6  1.286E+00  1.488E+00
   6  1.480E+00  1.484E+00
   6  1.700E+00  1.466E+00
   6  1.956E+00  1.432E+00
   6  2.249E+00  1.384E+00
   6  2.585E+00  1.323E+00
   6  2.972E+00  1.250E+00
   6  3.418E+00  1.168E+00
   6  3.930E+00  1.077E+00
   6  4.518E+00  9.824E-01
   6  5.195E+00  8.844E-01
   6  5.972E+00  7.861E-01
   6  6.866E+00  6.896E-01
   6  7.895E+00  5.970E-01
   6  9.078E+00  5.099E-01
   6  1.044E+01  4.297E-01
   6  1.200E+01  3.572E-01
   6  1.380E+01  2.929E-01
   6  1.586E+01  2.372E-01
   6  1.824E+01  1.895E-01
   6  2.098E+01  1.494E-01
   6  2.411E+01  1.165E-01
   6  2.772E+01  8.973E-02
   6  3.187E+01  6.834E-02
   6  3.665E+01  5.149E-02
   6  4.213E+01  3.843E-02
   6  4.844E+01  2.841E-02
   6  5.570E+01  2.082E-02
   6  6.404E+01  1.514E-02
   6  7.363E+01  1.094E-02
   6  8.466E+01  7.844E-03
   6  9.733E+01  5.594E-03
   6  1.119E+02  3.967E-03
   6  1.286E+02  2.801E-03
   6  1.480E+02  1.967E-03
   6  1.700E+02  1.378E-03
   6  1.956E+02  9.604E-04
   6  2.249E+02  6.680E-04
   6  2.585E+02  4.637E-04
   6  2.972E+02  3.207E-04
   6  3.418E+02  2.215E-04
   6  3.930E+02  1.526E-04
   6  4.518E+02  1.050E-04
   6  5.195E+02  7.215E-05
   6  5.972E+02  4.952E-05
   6  6.866E+02  3.395E-05
   6  7.895E+02  2.325E-05
   6  9.078E+02  1.591E-05
   6  1.044E+03  1.088E-05
   6  1.200E+03  7.432E-06
   6  1.380E+03  5.073E-06
   6  1.586E+03  3.464E-06
   6  1.824E+03  2.364E-06
   6  2.098E+03  1.611E-06
   6  2.411E+03  1.100E-06
   6  2.772E+03  7.495E-07
   6  3.187E+03  5.107E-07
   6  3.665E+03  3.479E-07
   6  4.213E+03  2.370E-07
   6  4.844E+03  1.614E-07
   6  5.570E+03  1.099E-07
   6  6.404E+03  7.484E-08
   6  7.363E+03  5.096E-08
   6  8.466E+03  3.469E-08
   6  9.733E+03  2.362E-08
   6  1.119E+04  1.607E-08
   6  1.286E+04  1.095E-08
   6  1.480E+04  7.443E-09
   6  1.700E+04  5.072E-09
   6  1.956E+04  3.447E-09
   6  2.249E+04  2.346E-09
   6  2.585E+04  1.598E-09
   6  2.972E+04  1.087E-09
   6  3.418E+04  7.394E-10
   6  3.930E+04  5.029E-10
   6  4.518E+04  3.423E-10
   6  5.195E+04  2.329E-10
   6  5.972E+04  1.585E-10
   6  6.866E+04  1.078E-10
   6  7.895E+04  7.337E-11
   6  9.078E+04  4.991E-11
   6  1.044E+05  3.397E-11
   6  1.200E+05  2.311E-11
   7  1.400E-01  8.344E-02
   7  1.610E-01  9.381E-02
   7  1.851E-01  1.051E-01
   7  2.128E-01  1.174E-01
   7  2.447E-01  1.307E-01
   7  2.813E-01  1.448E-01
   7  3.234E-01  1.598E-01
   7  3.718E-01  1.755E-01
   7  4.276E-01  1.917E-01
   7  4.915E-01  2.082E-01
   7  5.652E-01  2.247E-01
   7  6.499E-01  2.408E-01
   7  7.472E-01  2.563E-01
   7  8.590E-01  2.708E-01
   7  9.877E-01  2.837E-01
   7  1.136E+00  2.948E-01
   7  1.306E+00  3.036E-01
   7  1.501E+00  3.098E-01
   7  1.726E+00  3.130E-01
   7  1.984E+00  3.132E-01
   7  2.282E+00  3.100E-01
   7  2.624E+00  3.035E-01
   7  3.016E+00  2.939E-01
   7  3.468E+00  2.811E-01
   7  3.987E+00  2.657E-01
   7  4.585E+00  2.479E-01
   7  5.271E+00  2.283E-01
   7  6.061E+00  2.074E-01
   7  6.968E+00  1.859E-01
   7  8.011E+00  1.641E-01
   7  9.211E+00  1.428E-01
   7  1.059E+01  1.224E-01
   7  1.218E+01  1.034E-01
   7  1.400E+01  8.603E-02
   7  1.610E+01  7.048E-02
   7  1.851E+01  5.692E-02
   7  2.128E+01  4.529E-02
   7  2.447E+01  3.552E-02
   7  2.813E+01  2.751E-02
   7  3.234E+01  2.102E-02
   7  3.718E+01  1.586E-02
   7  4.276E+01  1.183E-02
   7  4.915E+01  8.726E-03
   7  5.652E+01  6.372E-03
   7  6.499E+01  4.609E-03
   7  7.472E+01  3.307E-03
   7  8.590E+01  2.354E-03
   7  9.877E+01  1.663E-03
   7  1.136E+02  1.168E-03
   7  1.306E+02  8.156E-04
   7  1.501E+02  5.668E-04
   7  1.726E+02  3.915E-04
   7  1.984E+02  2.699E-04
   7  2.282E+02  1.849E-04
   7  2.624E+02  1.264E-04
   7  3.016E+02  8.628E-05
   7  3.468E+02  5.865E-05
   7  3.987E+02  3.980E-05
   7  4.585E+02  2.694E-05
   7  5.271E+02  1.822E-05
   7  6.061E+02  1.230E-05
   7  6.968E+02  8.294E-06
   7  8.011E+02  5.586E-06
   7  9.211E+02  3.758E-06
   7  1.059E+03  2.525E-06
   7  1.218E+03  1.696E-06
   7  1.400E+03  1.138E-06
   7  1.610E+03  7.631E-07
   7  1.851E+03  5.119E-07
   7  2.128E+03  3.430E-07
   7  2.447E+03  2.296E-07
   7  2.813E+03  1.539E-07
   7  3.234E+03  1.030E-07
   7  3.718E+03  6.895E-08
   7  4.276E+03  4.613E-08
   7  4.915E+03  3.087E-08
   7  5.652E+03  2.064E-08
   7  6.499E+03  1.380E-08
   7  7.472E+03  9.230E-09
   7  8.590E+03  6.172E-09
   7  9.877E+03  4.126E-09
   7  1.136E+04  2.759E-09
   7  1.306E+04  1.844E-09
   7  1.501E+04  1.233E-09
   7  1.726E+04  8.234E-10
   7  1.984E+04  5.510E-10
   7  2.282E+04  3.677E-10
   7  2.624E+04  2.458E-10
   7  3.016E+04  1.644E-10
   7  3.468E+04  1.098E-10
   7  3.987E+04  7.337E-11
   7  4.585E+04  4.900E-11
   7  5.271E+04  3.275E-11
   7  6.061E+04  2.188E-11
   7  6.968E+04  1.462E-11
   7  8.011E+04  9.773E-12
   7  9.211E+04  6.530E-12
   7  1.059E+05  4.362E-12
   7  1.218E+05  2.915E-12
   7  1.400E+05  1.947E-12
   8  1.600E-01  3.069E-01
   8  1.840E-01  3.439E-01
   8  2.115E-01  3.839E-01
   8  2.432E-01  4.271E-01
   8  2.797E-01  4.731E-01
   8  3.214E-01  5.216E-01
   8  3.696E-01  5.723E-01
   8  4.250E-01  6.244E-01
   8  4.886E-01  6.773E-01
   8  5.618E-01  7.298E-01
   8  6.459E-01  7.812E-01
   8  7.427E-01  8.300E-01
   8  8.539E-01  8.749E-01
   8  9.818E-01  9.148E-01
   8  1.129E+00  9.483E-01
   8  1.298E+00  9.743E-01
   8  1.492E+00  9.917E-01
   8  1.715E+00  9.997E-01
   8  1.973E+00  9.979E-01
   8  2.267E+00  9.861E-01
   8  2.608E+00  9.641E-01
   8  2.998E+00  9.327E-01
   8  3.446E+00  8.925E-01
   8  3.963E+00  8.444E-01
   8  4.557E+00  7.898E-01
   8  5.240E+00  7.300E-01
   8  6.024E+00  6.668E-01
   8  6.926E+00  6.015E-01
   8  7.963E+00  5.359E-01
   8  9.155E+00  4.714E-01
   8  1.053E+01  4.092E-01
   8  1.210E+01  3.506E-01
   8  1.392E+01  2.965E-01
   8  1.600E+01  2.475E-01
   8  1.840E+01  2.038E-01
   8  2.115E+01  1.657E-01
   8  2.432E+01  1.330E-01
   8  2.797E+01  1.054E-01
   8  3.214E+01  8.265E-02
   8  3.696E+01  6.401E-02
   8  4.250E+01  4.903E-02
   8  4.886E+01  3.717E-02
   8  5.618E+01  2.792E-02
   8  6.459E+01  2.078E-02
   8  7.427E+01  1.533E-02
   8  8.539E+01  1.123E-02
   8  9.818E+01  8.164E-03
   8  1.129E+02  5.899E-03
   8  1.298E+02  4.238E-03
   8  1.492E+02  3.028E-03
   8  1.715E+02  2.155E-03
   8  1.973E+02  1.524E-03
   8  2.267E+02  1.077E-03
   8  2.608E+02  7.561E-04
   8  2.998E+02  5.301E-04
   8  3.446E+02  3.709E-04
   8  3.963E+02  2.586E-04
   8  4.557E+02  1.800E-04
   8  5.240E+02  1.250E-04
   8  6.024E+02  8.676E-05
   8  6.926E+02  6.009E-05
   8  7.963E+02  4.159E-05
   8  9.155E+02  2.875E-05
   8  1.053E+03  1.985E-05
   8  1.210E+03  1.369E-05
   8  1.392E+03  9.441E-06
   8  1.600E+03  6.504E-06
   8  1.840E+03  4.476E-06
   8  2.115E+03  3.082E-06
   8  2.432E+03  2.121E-06
   8  2.797E+03  1.458E-06
   8  3.214E+03  1.003E-06
   8  3.696E+03  6.894E-07
   8  4.250E+03  4.737E-07
   8  4.886E+03  3.254E-07
   8  5.618E+03  2.236E-07
   8  6.459E+03  1.535E-07
   8  7.427E+03  1.054E-07
   8  8.539E+03  7.238E-08
   8  9.818E+03  4.969E-08
   8  1.129E+04  3.411E-08
   8  1.298E+04  2.342E-08
   8  1.492E+04  1.607E-08
   8  1.715E+04  1.104E-08
   8  1.973E+04  7.569E-09
   8  2.267E+04  5.201E-09
   8  2.608E+04  3.564E-09
   8  2.998E+04  2.446E-09
   8  3.446E+04  1.680E-09
   8  3.963E+04  1.152E-09
   8  4.557E+04  7.906E-10
   8  5.240E+04  5.422E-10
   8  6.024E+04  3.722E-10
   8  6.926E+04  2.553E-10
   8  7.963E+04  1.752E-10
   8  9.155E+04  1.202E-10
   8  1.053E+05  8.249E-11
   8  1.210E+05  5.658E-11
   8  1.392E+05  3.883E-11
   8  1.600E+05  2.664E-11
   9  1.900E-01  3.903E-03
   9  2.185E-01  4.397E-03
   9  2.512E-01  4.939E-03
   9  2.888E-01  5.531E-03
   9  3.321E-01  6.174E-03
   9  3.817E-01  6.864E-03
   9  4.389E-01  7.603E-03
   9  5.046E-01  8.383E-03
   9  5.803E-01  9.199E-03
   9  6.671E-01  1.004E-02
   9  7.670E-01  1.090E-02
   9  8.820E-01  1.176E-02
   9  1.014E+00  1.260E-02
   9  1.166E+00  1.341E-02
   9  1.340E+00  1.416E-02
   9  1.541E+00  1.484E-02
   9  1.772E+00  1.543E-02
   9  2.037E+00  1.590E-02
   9  2.343E+00  1.623E-02
   9  2.692E+00  1.642E-02
   9  3.097E+00  1.644E-02
   9  3.561E+00  1.628E-02
   9  4.093E+00  1.596E-02
   9  4.706E+00  1.545E-02
   9  5.411E+00  1.479E-02
   9  6.222E+00  1.397E-02
   9  7.154E+00  1.303E-02
   9  8.225E+00  1.199E-02
   9  9.456E+00  1.087E-02
   9  1.087E+01  9.717E-03
   9  1.250E+01  8.556E-03
   9  1.437E+01  7.420E-03
   9  1.652E+01  6.338E-03
   9  1.900E+01  5.329E-03
   9  2.185E+01  4.412E-03
   9  2.512E+01  3.600E-03
   9  2.888E+01  2.893E-03
   9  3.321E+01  2.291E-03
   9  3.817E+01  1.791E-03
   9  4.389E+01  1.381E-03
   9  5.046E+01  1.051E-03
   9  5.803E+01  7.911E-04
   9  6.671E+01  5.889E-04
   9  7.670E+01  4.338E-04
   9  8.820E+01  3.166E-04
   9  1.014E+02  2.291E-04
   9  1.166E+02  1.645E-04
   9  1.340E+02  1.173E-04
   9  1.541E+02  8.312E-05
   9  1.772E+02  5.855E-05
   9  2.037E+02  4.106E-05
   9  2.343E+02  2.861E-05
   9  2.692E+02  1.990E-05
   9  3.097E+02  1.376E-05
   9  3.561E+02  9.499E-06
   9  4.093E+02  6.542E-06
   9  4.706E+02  4.489E-06
   9  5.411E+02  3.075E-06
   9  6.222E+02  2.101E-06
   9  7.154E+02  1.435E-06
   9  8.225E+02  9.776E-07
   9  9.456E+02  6.655E-07
   9  1.087E+03  4.525E-07
   9  1.250E+03  3.073E-07
   9  1.437E+03  2.085E-07
   9  1.652E+03  1.414E-07
   9  1.900E+03  9.583E-08
   9  2.185E+03  6.487E-08
   9  2.512E+03  4.393E-08
   9  2.888E+03  2.972E-08
   9  3.321E+03  2.009E-08
   9  3.817E+03  1.360E-08
   9  4.389E+03  9.192E-09
   9  5.046E+03  6.212E-09
   9  5.803E+03  4.196E-09
   9  6.671E+03  2.835E-09
   9  7.670E+03  1.915E-09
   9  8.820E+03  1.293E-09
   9  1.014E+04  8.730E-10
   9  1.166E+04  5.895E-10
   9  1.340E+04  3.979E-10
   9  1.541E+04  2.687E-10
   9  1.772E+04  1.813E-10
   9  2.037E+04  1.225E-10
   9  2.343E+04  8.258E-11
   9  2.692E+04  5.580E-11
   9  3.097E+04  3.761E-11
   9  3.561E+04  2.538E-11
   9  4.093E+04  1.714E-11
   9  4.706E+04  1.156E-11
   9  5.411E+04  7.801E-12
   9  6.222E+04  5.262E-12
   9  7.154E+04  3.552E-12
   9  8.225E+04  2.396E-12
   9  9.456E+04  1.617E-12
   9  1.087E+05  1.091E-12
   9  1.250E+05  7.362E-13
   9  1.437E+05  4.966E-13
   9  1.652E+05  3.352E-13
   9  1.900E+05  2.261E-13
  10  2.000E-01  4.582E-02
  10  2.300E-01  5.132E-02
  10  2.644E-01  5.726E-02
  10  3.040E-01  6.365E-02
  10  3.496E-01  7.046E-02
  10  4.018E-01  7.760E-02
  10  4.620E-01  8.506E-02
  10  5.312E-01  9.271E-02
  10  6.108E-01  1.004E-01
  10  7.022E-01  1.081E-01
  10  8.074E-01  1.155E-01
  10  9.284E-01  1.225E-01
  10  1.067E+00  1.289E-01
  10  1.227E+00  1.346E-01
  10  1.411E+00  1.392E-01
  10  1.622E+00  1.427E-01
  10  1.865E+00  1.449E-01
  10  2.144E+00  1.457E-01
  10  2.466E+00  1.450E-01
  10  2.834E+00  1.429E-01
  10  3.260E+00  1.393E-01
  10  3.748E+00  1.343E-01
  10  4.308E+00  1.281E-01
  10  4.954E+00  1.207E-01
  10  5.696E+00  1.125E-01
  10  6.550E+00  1.036E-01
  10  7.530E+00  9.421E-02
  10  8.658E+00  8.462E-02
  10  9.954E+00  7.506E-02
  10  1.144E+01  6.572E-02
  10  1.316E+01  5.679E-02
  10  1.513E+01  4.842E-02
  10  1.739E+01  4.074E-02
  10  2.000E+01  3.382E-02
  10  2.300E+01  2.770E-02
  10  2.644E+01  2.240E-02
  10  3.040E+01  1.788E-02
  10  3.496E+01  1.409E-02
  10  4.018E+01  1.098E-02
  10  4.620E+01  8.448E-03
  10  5.312E+01  6.431E-03
  10  6.108E+01  4.843E-03
  10  7.022E+01  3.613E-03
  10  8.074E+01  2.670E-03
  10  9.284E+01  1.957E-03
  10  1.067E+02  1.423E-03
  10  1.227E+02  1.027E-03
  10  1.411E+02  7.367E-04
  10  1.622E+02  5.253E-04
  10  1.865E+02  3.725E-04
  10  2.144E+02  2.630E-04
  10  2.466E+02  1.847E-04
  10  2.834E+02  1.294E-04
  10  3.260E+02  9.017E-05
  10  3.748E+02  6.272E-05
  10  4.308E+02  4.354E-05
  10  4.954E+02  3.011E-05
  10  5.696E+02  2.079E-05
  10  6.550E+02  1.432E-05
  10  7.530E+02  9.859E-06
  10  8.658E+02  6.773E-06
  10  9.954E+02  4.649E-06
  10  1.144E+03  3.187E-06
  10  1.316E+03  2.183E-06
  10  1.513E+03  1.493E-06
  10  1.739E+03  1.021E-06
  10  2.000E+03  6.977E-07
  10  2.300E+03  4.762E-07
  10  2.644E+03  3.252E-07
  10  3.040E+03  2.219E-07
  10  3.496E+03  1.512E-07
  10  4.018E+03  1.032E-07
  10  4.620E+03  7.036E-08
  10  5.312E+03  4.794E-08
  10  6.108E+03  3.266E-08
  10  7.022E+03  2.225E-08
  10  8.074E+03  1.515E-08
  10  9.284E+03  1.032E-08
  10  1.067E+04  7.025E-09
  10  1.227E+04  4.784E-09
  10  1.411E+04  3.256E-09
  10  1.622E+04  2.217E-09
  10  1.865E+04  1.509E-09
  10  2.144E+04  1.028E-09
  10  2.466E+04  6.987E-10
  10  2.834E+04  4.761E-10
  10  3.260E+04  3.236E-10
  10  3.748E+04  2.202E-10
  10  4.308E+04  1.500E-10
  10  4.954E+04  1.020E-10
  10  5.696E+04  6.941E-11
  10  6.550E+04  4.721E-11
  10  7.530E+04  3.213E-11
  10  8.658E+04  2.186E-11
  10  9.954E+04  1.488E-11
  10  1.144E+05  1.012E-11
  10  1.316E+05  6.888E-12
  10  1.513E+05  4.685E-12
  10  1.739E+05  3.189E-12
  10  2.000E+05  2.169E-12
  11  2.300E-01  1.062E-02
  11  2.645E-01  1.187E-02
  11  3.041E-01  1.322E-02
  11  3.496E-01  1.467E-02
  11  4.020E-01  1.621E-02
  11  4.621E-01  1.782E-02
  11  5.313E-01  1.948E-02
  11  6.109E-01  2.118E-02
  11  7.024E-01  2.288E-02
  11  8.075E-01  2.455E-02
  11  9.285E-01  2.615E-02
  11  1.068E+00  2.764E-02
  11  1.228E+00  2.898E-02
  11  1.411E+00  3.012E-02
  11  1.623E+00  3.103E-02
  11  1.866E+00  3.167E-02
  11  2.145E+00  3.201E-02
  11  2.466E+00  3.204E-02
  11  2.836E+00  3.174E-02
  11  3.259E+00  3.111E-02
  11  3.749E+00  3.017E-02
  11  4.310E+00  2.894E-02
  11  4.954E+00  2.745E-02
  11  5.697E+00  2.574E-02
  11  6.550E+00  2.385E-02
  11  7.532E+00  2.183E-02
  11  8.660E+00  1.974E-02
  11  9.957E+00  1.763E-02
  11  1.145E+01  1.554E-02
  11  1.316E+01  1.352E-02
  11  1.513E+01  1.160E-02
  11  1.740E+01  9.825E-03
  11  2.000E+01  8.210E-03
  11  2.300E+01  6.766E-03
  11  2.645E+01  5.500E-03
  11  3.041E+01  4.414E-03
  11  3.496E+01  3.495E-03
  11  4.020E+01  2.731E-03
  11  4.621E+01  2.111E-03
  11  5.313E+01  1.611E-03
  11  6.109E+01  1.215E-03
  11  7.024E+01  9.070E-04
  11  8.075E+01  6.704E-04
  11  9.285E+01  4.908E-04
  11  1.068E+02  3.562E-04
  11  1.228E+02  2.565E-04
  11  1.411E+02  1.834E-04
  11  1.623E+02  1.302E-04
  11  1.866E+02  9.190E-05
  11  2.145E+02  6.450E-05
  11  2.466E+02  4.508E-05
  11  2.836E+02  3.132E-05
  11  3.259E+02  2.172E-05
  11  3.749E+02  1.497E-05
  11  4.310E+02  1.030E-05
  11  4.954E+02  7.076E-06
  11  5.697E+02  4.841E-06
  11  6.550E+02  3.307E-06
  11  7.532E+02  2.253E-06
  11  8.660E+02  1.534E-06
  11  9.957E+02  1.043E-06
  11  1.145E+03  7.078E-07
  11  1.316E+03  4.799E-07
  11  1.513E+03  3.251E-07
  11  1.740E+03  2.199E-07
  11  2.000E+03  1.488E-07
  11  2.300E+03  1.005E-07
  11  2.645E+03  6.785E-08
  11  3.041E+03  4.583E-08
  11  3.496E+03  3.092E-08
  11  4.020E+03  2.084E-08
  11  4.621E+03  1.407E-08
  11  5.313E+03  9.483E-09
  11  6.109E+03  6.391E-09
  11  7.024E+03  4.305E-09
  11  8.075E+03  2.901E-09
  11  9.285E+03  1.954E-09
  11  1.068E+04  1.315E-09
  11  1.228E+04  8.857E-10
  11  1.411E+04  5.964E-10
  11  1.623E+04  4.015E-10
  11  1.866E+04  2.703E-10
  11  2.145E+04  1.819E-10
  11  2.466E+04  1.225E-10
  11  2.836E+04  8.239E-11
  11  3.259E+04  5.552E-11
  11  3.749E+04  3.731E-11
  11  4.310E+04  2.511E-11
  11  4.954E+04  1.691E-11
  11  5.697E+04  1.138E-11
  11  6.550E+04  7.654E-12
  11  7.532E+04  5.148E-12
  11  8.660E+04  3.465E-12
  11  9.957E+04  2.331E-12
  11  1.145E+05  1.569E-12
  11  1.316E+05  1.056E-12
  11  1.513E+05  7.104E-13
  11  1.740E+05  4.778E-13
  11  2.000E+05  3.216E-13
  11  2.300E+05  2.163E-13
  12  2.400E-01  2.693E-02
  12  2.760E-01  3.030E-02
  12  3.173E-01  3.399E-02
  12  3.648E-01  3.800E-02
  12  4.195E-01  4.235E-02
  12  4.822E-01  4.699E-02
  12  5.544E-01  5.193E-02
  12  6.374E-01  5.712E-02
  12  7.330E-01  6.251E-02
  12  8.426E-01  6.802E-02
  12  9.689E-01  7.358E-02
  12  1.114E+00  7.908E-02
  12  1.281E+00  8.441E-02
  12  1.473E+00  8.944E-02
  12  1.693E+00  9.405E-02
  12  1.947E+00  9.809E-02
  12  2.238E+00  1.014E-01
  12  2.573E+00  1.040E-01
  12  2.959E+00  1.056E-01
  12  3.401E+00  1.062E-01
  12  3.912E+00  1.057E-01
  12  4.498E+00  1.042E-01
  12  5.170E+00  1.016E-01
  12  5.945E+00  9.788E-02
  12  6.835E+00  9.323E-02
  12  7.860E+00  8.773E-02
  12  9.036E+00  8.154E-02
  12  1.039E+01  7.480E-02
  12  1.194E+01  6.772E-02
  12  1.373E+01  6.047E-02
  12  1.579E+01  5.325E-02
  12  1.816E+01  4.623E-02
  12  2.087E+01  3.957E-02
  12  2.400E+01  3.338E-02
  12  2.760E+01  2.776E-02
  12  3.173E+01  2.277E-02
  12  3.648E+01  1.842E-02
  12  4.195E+01  1.470E-02
  12  4.822E+01  1.159E-02
  12  5.544E+01  9.021E-03
  12  6.374E+01  6.940E-03
  12  7.330E+01  5.280E-03
  12  8.426E+01  3.977E-03
  12  9.689E+01  2.966E-03
  12  1.114E+02  2.193E-03
  12  1.281E+02  1.609E-03
  12  1.473E+02  1.171E-03
  12  1.693E+02  8.471E-04
  12  1.947E+02  6.091E-04
  12  2.238E+02  4.354E-04
  12  2.573E+02  3.100E-04
  12  2.959E+02  2.194E-04
  12  3.401E+02  1.550E-04
  12  3.912E+02  1.089E-04
  12  4.498E+02  7.636E-05
  12  5.170E+02  5.344E-05
  12  5.945E+02  3.726E-05
  12  6.835E+02  2.594E-05
  12  7.860E+02  1.802E-05
  12  9.036E+02  1.250E-05
  12  1.039E+03  8.661E-06
  12  1.194E+03  5.993E-06
  12  1.373E+03  4.143E-06
  12  1.579E+03  2.861E-06
  12  1.816E+03  1.973E-06
  12  2.087E+03  1.361E-06
  12  2.400E+03  9.375E-07
  12  2.760E+03  6.452E-07
  12  3.173E+03  4.443E-07
  12  3.648E+03  3.056E-07
  12  4.195E+03  2.101E-07
  12  4.822E+03  1.446E-07
  12  5.544E+03  9.937E-08
  12  6.374E+03  6.828E-08
  12  7.330E+03  4.690E-08
  12  8.426E+03  3.223E-08
  12  9.689E+03  2.213E-08
  12  1.114E+04  1.519E-08
  12  1.281E+04  1.043E-08
  12  1.473E+04  7.163E-09
  12  1.693E+04  4.917E-09
  12  1.947E+04  3.376E-09
  12  2.238E+04  2.317E-09
  12  2.573E+04  1.591E-09
  12  2.959E+04  1.091E-09
  12  3.401E+04  7.496E-10
  12  3.912E+04  5.137E-10
  12  4.498E+04  3.526E-10
  12  5.170E+04  2.421E-10
  12  5.945E+04  1.661E-10
  12  6.835E+04  1.140E-10
  12  7.860E+04  7.816E-11
  12  9.036E+04  5.364E-11
  12  1.039E+05  3.680E-11
  12  1.194E+05  2.526E-11
  12  1.373E+05  1.733E-11
  12  1.579E+05  1.189E-11
  12  1.816E+05  8.156E-12
  12  2.087E+05  5.597E-12
  12  2.400E+05  3.840E-12
  13  2.700E-01  6.253E-03
  13  3.105E-01  7.016E-03
  13  3.569E-01  7.845E-03
  13  4.104E-01  8.742E-03
  13  4.720E-01  9.704E-03
  13  5.424E-01  1.072E-02
  13  6.237E-01  1.179E-02
  13  7.171E-01  1.290E-02
  13  8.246E-01  1.404E-02
  13  9.480E-01  1.518E-02
  13  1.090E+00  1.631E-02
  13  1.253E+00  1.740E-02
  13  1.441E+00  1.842E-02
  13  1.657E+00  1.936E-02
  13  1.905E+00  2.017E-02
  13  2.190E+00  2.084E-02
  13  2.518E+00  2.133E-02
  13  2.894E+00  2.164E-02
  13  3.329E+00  2.174E-02
  13  3.826E+00  2.162E-02
  13  4.401E+00  2.128E-02
  13  5.060E+00  2.073E-02
  13  5.816E+00  1.997E-02
  13  6.688E+00  1.901E-02
  13  7.690E+00  1.789E-02
  13  8.842E+00  1.664E-02
  13  1.017E+01  1.528E-02
  13  1.169E+01  1.385E-02
  13  1.344E+01  1.239E-02
  13  1.545E+01  1.094E-02
  13  1.776E+01  9.524E-03
  13  2.043E+01  8.177E-03
  13  2.348E+01  6.923E-03
  13  2.700E+01  5.779E-03
  13  3.105E+01  4.756E-03
  13  3.569E+01  3.862E-03
  13  4.104E+01  3.093E-03
  13  4.720E+01  2.444E-03
  13  5.424E+01  1.909E-03
  13  6.237E+01  1.471E-03
  13  7.171E+01  1.121E-03
  13  8.246E+01  8.453E-04
  13  9.480E+01  6.309E-04
  13  1.090E+02  4.663E-04
  13  1.253E+02  3.416E-04
  13  1.441E+02  2.483E-04
  13  1.657E+02  1.791E-04
  13  1.905E+02  1.284E-04
  13  2.190E+02  9.145E-05
  13  2.518E+02  6.478E-05
  13  2.894E+02  4.570E-05
  13  3.329E+02  3.204E-05
  13  3.826E+02  2.243E-05
  13  4.401E+02  1.561E-05
  13  5.060E+02  1.084E-05
  13  5.816E+02  7.516E-06
  13  6.688E+02  5.191E-06
  13  7.690E+02  3.580E-06
  13  8.842E+02  2.463E-06
  13  1.017E+03  1.693E-06
  13  1.169E+03  1.161E-06
  13  1.344E+03  7.960E-07
  13  1.545E+03  5.450E-07
  13  1.776E+03  3.727E-07
  13  2.043E+03  2.546E-07
  13  2.348E+03  1.739E-07
  13  2.700E+03  1.186E-07
  13  3.105E+03  8.086E-08
  13  3.569E+03  5.514E-08
  13  4.104E+03  3.757E-08
  13  4.720E+03  2.557E-08
  13  5.424E+03  1.743E-08
  13  6.237E+03  1.186E-08
  13  7.171E+03  8.073E-09
  13  8.246E+03  5.491E-09
  13  9.480E+03  3.736E-09
  13  1.090E+04  2.541E-09
  13  1.253E+04  1.727E-09
  13  1.441E+04  1.175E-09
  13  1.657E+04  7.988E-10
  13  1.905E+04  5.430E-10
  13  2.190E+04  3.692E-10
  13  2.518E+04  2.509E-10
  13  2.894E+04  1.706E-10
  13  3.329E+04  1.159E-10
  13  3.826E+04  7.884E-11
  13  4.401E+04  5.350E-11
  13  5.060E+04  3.637E-11
  13  5.816E+04  2.473E-11
  13  6.688E+04  1.680E-11
  13  7.690E+04  1.141E-11
  13  8.842E+04  7.752E-12
  13  1.017E+05  5.269E-12
  13  1.169E+05  3.580E-12
  13  1.344E+05  2.433E-12
  13  1.545E+05  1.653E-12
  13  1.776E+05  1.123E-12
  13  2.043E+05  7.629E-13
  13  2.348E+05  5.185E-13
  13  2.700E+05  3.522E-13
  14  2.800E-01  2.933E-02
  14  3.220E-01  3.285E-02
  14  3.702E-01  3.666E-02
  14  4.256E-01  4.075E-02
  14  4.894E-01  4.512E-02
  14  5.625E-01  4.970E-02
  14  6.468E-01  5.449E-02
  14  7.437E-01  5.940E-02
  14  8.551E-01  6.436E-02
  14  9.831E-01  6.929E-02
  14  1.130E+00  7.407E-02
  14  1.300E+00  7.860E-02
  14  1.494E+00  8.274E-02
  14  1.718E+00  8.639E-02
  14  1.975E+00  8.942E-02
  14  2.271E+00  9.172E-02
  14  2.611E+00  9.321E-02
  14  3.002E+00  9.381E-02
  14  3.452E+00  9.349E-02
  14  3.968E+00  9.223E-02
  14  4.564E+00  9.002E-02
  14  5.247E+00  8.695E-02
  14  6.031E+00  8.309E-02
  14  6.936E+00  7.850E-02
  14  7.974E+00  7.334E-02
  14  9.170E+00  6.772E-02
  14  1.054E+01  6.180E-02
  14  1.212E+01  5.572E-02
  14  1.394E+01  4.962E-02
  14  1.602E+01  4.365E-02
  14  1.842E+01  3.791E-02
  14  2.118E+01  3.250E-02
  14  2.435E+01  2.751E-02
  14  2.800E+01  2.298E-02
  14  3.220E+01  1.895E-02
  14  3.702E+01  1.544E-02
  14  4.256E+01  1.243E-02
  14  4.894E+01  9.874E-03
  14  5.625E+01  7.763E-03
  14  6.468E+01  6.031E-03
  14  7.437E+01  4.636E-03
  14  8.551E+01  3.528E-03
  14  9.831E+01  2.660E-03
  14  1.130E+02  1.987E-03
  14  1.300E+02  1.473E-03
  14  1.494E+02  1.083E-03
  14  1.718E+02  7.914E-04
  14  1.975E+02  5.745E-04
  14  2.271E+02  4.147E-04
  14  2.611E+02  2.978E-04
  14  3.002E+02  2.129E-04
  14  3.452E+02  1.514E-04
  14  3.968E+02  1.075E-04
  14  4.564E+02  7.589E-05
  14  5.247E+02  5.349E-05
  14  6.031E+02  3.762E-05
  14  6.936E+02  2.637E-05
  14  7.974E+02  1.845E-05
  14  9.170E+02  1.289E-05
  14  1.054E+03  8.991E-06
  14  1.212E+03  6.262E-06
  14  1.394E+03  4.357E-06
  14  1.602E+03  3.028E-06
  14  1.842E+03  2.103E-06
  14  2.118E+03  1.458E-06
  14  2.435E+03  1.011E-06
  14  2.800E+03  7.005E-07
  14  3.220E+03  4.847E-07
  14  3.702E+03  3.356E-07
  14  4.256E+03  2.322E-07
  14  4.894E+03  1.605E-07
  14  5.625E+03  1.111E-07
  14  6.468E+03  7.676E-08
  14  7.437E+03  5.304E-08
  14  8.551E+03  3.663E-08
  14  9.831E+03  2.531E-08
  14  1.130E+04  1.748E-08
  14  1.300E+04  1.207E-08
  14  1.494E+04  8.332E-09
  14  1.718E+04  5.753E-09
  14  1.975E+04  3.971E-09
  14  2.271E+04  2.742E-09
  14  2.611E+04  1.892E-09
  14  3.002E+04  1.307E-09
  14  3.452E+04  9.010E-10
  14  3.968E+04  6.225E-10
  14  4.564E+04  4.290E-10
  14  5.247E+04  2.961E-10
  14  6.031E+04  2.045E-10
  14  6.936E+04  1.410E-10
  14  7.974E+04  9.731E-11
  14  9.170E+04  6.712E-11
  14  1.054E+05  4.632E-11
  14  1.212E+05  3.196E-11
  14  1.394E+05  2.205E-11
  14  1.602E+05  1.522E-11
  14  1.842E+05  1.050E-11
  14  2.118E+05  7.242E-12
  14  2.435E+05  4.998E-12
  14  2.800E+05  3.448E-12
  15  3.100E-01  8.969E-04
  15  3.565E-01  1.010E-03
  15  4.098E-01  1.134E-03
  15  4.712E-01  1.269E-03
  15  5.419E-01  1.416E-03
  15  6.228E-01  1.573E-03
  15  7.161E-01  1.741E-03
  15  8.234E-01  1.917E-03
  15  9.467E-01  2.102E-03
  15  1.088E+00  2.291E-03
  15  1.251E+00  2.483E-03
  15  1.439E+00  2.675E-03
  15  1.654E+00  2.862E-03
  15  1.902E+00  3.040E-03
  15  2.187E+00  3.204E-03
  15  2.514E+00  3.351E-03
  15  2.891E+00  3.475E-03
  15  3.323E+00  3.571E-03
  15  3.822E+00  3.636E-03
  15  4.393E+00  3.665E-03
  15  5.053E+00  3.658E-03
  15  5.809E+00  3.611E-03
  15  6.677E+00  3.525E-03
  15  7.679E+00  3.400E-03
  15  8.829E+00  3.240E-03
  15  1.015E+01  3.048E-03
  15  1.167E+01  2.829E-03
  15  1.342E+01  2.590E-03
  15  1.543E+01  2.337E-03
  15  1.774E+01  2.078E-03
  15  2.039E+01  1.820E-03
  15  2.345E+01  1.570E-03
  15  2.696E+01  1.333E-03
  15  3.100E+01  1.114E-03
  15  3.565E+01  9.169E-04
  15  4.098E+01  7.433E-04
  15  4.712E+01  5.935E-04
  15  5.419E+01  4.668E-04
  15  6.228E+01  3.625E-04
  15  7.161E+01  2.774E-04
  15  8.234E+01  2.097E-04
  15  9.467E+01  1.566E-04
  15  1.088E+02  1.157E-04
  15  1.251E+02  8.455E-05
  15  1.439E+02  6.121E-05
  15  1.654E+02  4.393E-05
  15  1.902E+02  3.129E-05
  15  2.187E+02  2.212E-05
  15  2.514E+02  1.554E-05
  15  2.891E+02  1.085E-05
  15  3.323E+02  7.540E-06
  15  3.822E+02  5.208E-06
  15  4.393E+02  3.591E-06
  15  5.053E+02  2.460E-06
  15  5.809E+02  1.682E-06
  15  6.677E+02  1.148E-06
  15  7.679E+02  7.804E-07
  15  8.829E+02  5.295E-07
  15  1.015E+03  3.585E-07
  15  1.167E+03  2.424E-07
  15  1.342E+03  1.636E-07
  15  1.543E+03  1.103E-07
  15  1.774E+03  7.431E-08
  15  2.039E+03  4.999E-08
  15  2.345E+03  3.359E-08
  15  2.696E+03  2.257E-08
  15  3.100E+03  1.514E-08
  15  3.565E+03  1.015E-08
  15  4.098E+03  6.809E-09
  15  4.712E+03  4.563E-09
  15  5.419E+03  3.054E-09
  15  6.228E+03  2.048E-09
  15  7.161E+03  1.371E-09
  15  8.234E+03  9.172E-10
  15  9.467E+03  6.135E-10
  15  1.088E+04  4.106E-10
  15  1.251E+04  2.746E-10
  15  1.439E+04  1.836E-10
  15  1.654E+04  1.228E-10
  15  1.902E+04  8.209E-11
  15  2.187E+04  5.488E-11
  15  2.514E+04  3.670E-11
  15  2.891E+04  2.453E-11
  15  3.323E+04  1.640E-11
  15  3.822E+04  1.095E-11
  15  4.393E+04  7.330E-12
  15  5.053E+04  4.891E-12
  15  5.809E+04  3.269E-12
  15  6.677E+04  2.187E-12
  15  7.679E+04  1.460E-12
  15  8.829E+04  9.759E-13
  15  1.015E+05  6.518E-13
  15  1.167E+05  4.357E-13
  15  1.342E+05  2.911E-13
  15  1.543E+05  1.945E-13
  15  1.774E+05  1.300E-13
  15  2.039E+05  8.685E-14
  15  2.345E+05  5.802E-14
  15  2.696E+05  3.877E-14
  15  3.100E+05  2.590E-14
  16  3.200E-01  4.497E-03
  16  3.680E-01  5.046E-03
  16  4.230E-01  5.642E-03
  16  4.864E-01  6.286E-03
  16  5.594E-01  6.978E-03
  16  6.429E-01  7.709E-03
  16  7.392E-01  8.478E-03
  16  8.499E-01  9.275E-03
  16  9.773E-01  1.009E-02
  16  1.124E+00  1.091E-02
  16  1.292E+00  1.172E-02
  16  1.485E+00  1.250E-02
  16  1.708E+00  1.323E-02
  16  1.964E+00  1.389E-02
  16  2.258E+00  1.447E-02
  16  2.596E+00  1.493E-02
  16  2.984E+00  1.528E-02
  16  3.430E+00  1.549E-02
  16  3.946E+00  1.555E-02
  16  4.534E+00  1.545E-02
  16  5.216E+00  1.520E-02
  16  5.997E+00  1.479E-02
  16  6.893E+00  1.423E-02
  16  7.926E+00  1.355E-02
  16  9.114E+00  1.274E-02
  16  1.048E+01  1.185E-02
  16  1.205E+01  1.088E-02
  16  1.385E+01  9.866E-03
  16  1.593E+01  8.833E-03
  16  1.831E+01  7.805E-03
  16  2.105E+01  6.804E-03
  16  2.421E+01  5.852E-03
  16  2.783E+01  4.966E-03
  16  3.200E+01  4.157E-03
  16  3.680E+01  3.431E-03
  16  4.230E+01  2.796E-03
  16  4.864E+01  2.249E-03
  16  5.594E+01  1.785E-03
  16  6.429E+01  1.401E-03
  16  7.392E+01  1.085E-03
  16  8.499E+01  8.319E-04
  16  9.773E+01  6.307E-04
  16  1.124E+02  4.737E-04
  16  1.292E+02  3.524E-04
  16  1.485E+02  2.599E-04
  16  1.708E+02  1.902E-04
  16  1.964E+02  1.382E-04
  16  2.258E+02  9.977E-05
  16  2.596E+02  7.161E-05
  16  2.984E+02  5.111E-05
  16  3.430E+02  3.633E-05
  16  3.946E+02  2.567E-05
  16  4.534E+02  1.811E-05
  16  5.216E+02  1.270E-05
  16  5.997E+02  8.895E-06
  16  6.893E+02  6.216E-06
  16  7.926E+02  4.328E-06
  16  9.114E+02  3.009E-06
  16  1.048E+03  2.087E-06
  16  1.205E+03  1.446E-06
  16  1.385E+03  1.000E-06
  16  1.593E+03  6.914E-07
  16  1.831E+03  4.773E-07
  16  2.105E+03  3.291E-07
  16  2.421E+03  2.267E-07
  16  2.783E+03  1.561E-07
  16  3.200E+03  1.074E-07
  16  3.680E+03  7.381E-08
  16  4.230E+03  5.075E-08
  16  4.864E+03  3.487E-08
  16  5.594E+03  2.393E-08
  16  6.429E+03  1.645E-08
  16  7.392E+03  1.129E-08
  16  8.499E+03  7.747E-09
  16  9.773E+03  5.314E-09
  16  1.124E+04  3.646E-09
  16  1.292E+04  2.500E-09
  16  1.485E+04  1.714E-09
  16  1.708E+04  1.175E-09
  16  1.964E+04  8.059E-10
  16  2.258E+04  5.524E-10
  16  2.596E+04  3.787E-10
  16  2.984E+04  2.596E-10
  16  3.430E+04  1.780E-10
  16  3.946E+04  1.219E-10
  16  4.534E+04  8.364E-11
  16  5.216E+04  5.724E-11
  16  5.997E+04  3.923E-11
  16  6.893E+04  2.690E-11
  16  7.926E+04  1.843E-11
  16  9.114E+04  1.263E-11
  16  1.048E+05  8.647E-12
  16  1.205E+05  5.927E-12
  16  1.385E+05  4.061E-12
  16  1.593E+05  2.783E-12
  16  1.831E+05  1.907E-12
  16  2.105E+05  1.306E-12
  16  2.421E+05  8.949E-13
  16  2.783E+05  6.133E-13
  16  3.200E+05  4.201E-13
  17  3.500E-01  6.430E-04
  17  4.025E-01  7.254E-04
  17  4.627E-01  8.161E-04
  17  5.320E-01  9.156E-04
  17  6.118E-01  1.024E-03
  17  7.032E-01  1.141E-03
  17  8.085E-01  1.267E-03
  17  9.296E-01  1.400E-03
  17  1.069E+00  1.541E-03
  17  1.229E+00  1.687E-03
  17  1.413E+00  1.837E-03
  17  1.625E+00  1.989E-03
  17  1.868E+00  2.139E-03
  17  2.148E+00  2.284E-03
  17  2.469E+00  2.423E-03
  17  2.839E+00  2.549E-03
  17  3.264E+00  2.660E-03
  17  3.752E+00  2.752E-03
  17  4.316E+00  2.820E-03
  17  4.959E+00  2.862E-03
  17  5.705E+00  2.875E-03
  17  6.559E+00  2.857E-03
  17  7.539E+00  2.806E-03
  17  8.670E+00  2.723E-03
  17  9.968E+00  2.609E-03
  17  1.146E+01  2.466E-03
  17  1.318E+01  2.299E-03
  17  1.515E+01  2.112E-03
  17  1.742E+01  1.911E-03
  17  2.003E+01  1.702E-03
  17  2.303E+01  1.492E-03
  17  2.648E+01  1.287E-03
  17  3.044E+01  1.092E-03
  17  3.500E+01  9.104E-04
  17  4.025E+01  7.467E-04
  17  4.627E+01  6.027E-04
  17  5.320E+01  4.787E-04
  17  6.118E+01  3.742E-04
  17  7.032E+01  2.884E-04
  17  8.085E+01  2.190E-04
  17  9.296E+01  1.640E-04
  17  1.069E+02  1.213E-04
  17  1.229E+02  8.871E-05
  17  1.413E+02  6.413E-05
  17  1.625E+02  4.589E-05
  17  1.868E+02  3.255E-05
  17  2.148E+02  2.289E-05
  17  2.469E+02  1.598E-05
  17  2.839E+02  1.108E-05
  17  3.264E+02  7.631E-06
  17  3.752E+02  5.232E-06
  17  4.315E+02  3.564E-06
  17  4.960E+02  2.423E-06
  17  5.705E+02  1.636E-06
  17  6.559E+02  1.103E-06
  17  7.539E+02  7.417E-07
  17  8.670E+02  4.969E-07
  17  9.968E+02  3.322E-07
  17  1.146E+03  2.216E-07
  17  1.318E+03  1.476E-07
  17  1.515E+03  9.818E-08
  17  1.742E+03  6.522E-08
  17  2.003E+03  4.327E-08
  17  2.303E+03  2.867E-08
  17  2.648E+03  1.898E-08
  17  3.044E+03  1.256E-08
  17  3.500E+03  8.299E-09
  17  4.025E+03  5.479E-09
  17  4.627E+03  3.620E-09
  17  5.320E+03  2.389E-09
  17  6.118E+03  1.575E-09
  17  7.031E+03  1.040E-09
  17  8.085E+03  6.854E-10
  17  9.296E+03  4.517E-10
  17  1.069E+04  2.976E-10
  17  1.229E+04  1.961E-10
  17  1.413E+04  1.292E-10
  17  1.625E+04  8.505E-11
  17  1.868E+04  5.601E-11
  17  2.148E+04  3.689E-11
  17  2.469E+04  2.428E-11
  17  2.839E+04  1.599E-11
  17  3.264E+04  1.052E-11
  17  3.752E+04  6.933E-12
  17  4.316E+04  4.558E-12
  17  4.960E+04  3.004E-12
  17  5.705E+04  1.974E-12
  17  6.559E+04  1.299E-12
  17  7.539E+04  8.558E-13
  17  8.670E+04  5.629E-13
  17  9.968E+04  3.704E-13
  17  1.146E+05  2.436E-13
  17  1.318E+05  1.604E-13
  17  1.515E+05  1.055E-13
  17  1.742E+05  6.944E-14
  17  2.003E+05  4.570E-14
  17  2.303E+05  3.007E-14
  17  2.648E+05  1.978E-14
  17  3.044E+05  1.302E-14
  17  3.500E+05  8.563E-15
  18  4.000E-01  1.014E-03
  18  4.600E-01  1.143E-03
  18  5.288E-01  1.284E-03
  18  6.080E-01  1.439E-03
  18  6.992E-01  1.608E-03
  18  8.036E-01  1.789E-03
  18  9.240E-01  1.984E-03
  18  1.062E+00  2.190E-03
  18  1.222E+00  2.406E-03
  18  1.404E+00  2.630E-03
  18  1.615E+00  2.859E-03
  18  1.857E+00  3.089E-03
  18  2.135E+00  3.317E-03
  18  2.454E+00  3.537E-03
  18  2.822E+00  3.744E-03
  18  3.244E+00  3.933E-03
  18  3.730E+00  4.098E-03
  18  4.288E+00  4.233E-03
  18  4.932E+00  4.333E-03
  18  5.668E+00  4.393E-03
  18  6.520E+00  4.409E-03
  18  7.496E+00  4.378E-03
  18  8.616E+00  4.299E-03
  18  9.908E+00  4.171E-03
  18  1.139E+01  3.997E-03
  18  1.310E+01  3.780E-03
  18  1.506E+01  3.527E-03
  18  1.732E+01  3.244E-03
  18  1.991E+01  2.940E-03
  18  2.289E+01  2.624E-03
  18  2.632E+01  2.305E-03
  18  3.026E+01  1.993E-03
  18  3.479E+01  1.696E-03
  18  4.000E+01  1.419E-03
  18  4.600E+01  1.168E-03
  18  5.288E+01  9.472E-04
  18  6.080E+01  7.558E-04
  18  6.992E+01  5.937E-04
  18  8.036E+01  4.601E-04
  18  9.240E+01  3.514E-04
  18  1.062E+02  2.649E-04
  18  1.222E+02  1.971E-04
  18  1.404E+02  1.451E-04
  18  1.615E+02  1.057E-04
  18  1.857E+02  7.616E-05
  18  2.135E+02  5.443E-05
  18  2.454E+02  3.858E-05
  18  2.822E+02  2.715E-05
  18  3.244E+02  1.898E-05
  18  3.730E+02  1.318E-05
  18  4.288E+02  9.116E-06
  18  4.932E+02  6.264E-06
  18  5.668E+02  4.296E-06
  18  6.520E+02  2.927E-06
  18  7.496E+02  1.991E-06
  18  8.616E+02  1.351E-06
  18  9.908E+02  9.137E-07
  18  1.139E+03  6.166E-07
  18  1.310E+03  4.151E-07
  18  1.506E+03  2.792E-07
  18  1.732E+03  1.874E-07
  18  1.991E+03  1.257E-07
  18  2.289E+03  8.419E-08
  18  2.632E+03  5.632E-08
  18  3.026E+03  3.763E-08
  18  3.479E+03  2.514E-08
  18  4.000E+03  1.678E-08
  18  4.600E+03  1.119E-08
  18  5.288E+03  7.461E-09
  18  6.080E+03  4.972E-09
  18  6.992E+03  3.310E-09
  18  8.036E+03  2.207E-09
  18  9.240E+03  1.469E-09
  18  1.062E+04  9.774E-10
  18  1.222E+04  6.502E-10
  18  1.404E+04  4.327E-10
  18  1.615E+04  2.878E-10
  18  1.857E+04  1.913E-10
  18  2.135E+04  1.272E-10
  18  2.454E+04  8.461E-11
  18  2.822E+04  5.625E-11
  18  3.244E+04  3.740E-11
  18  3.730E+04  2.486E-11
  18  4.288E+04  1.653E-11
  18  4.932E+04  1.098E-11
  18  5.668E+04  7.305E-12
  18  6.520E+04  4.848E-12
  18  7.496E+04  3.222E-12
  18  8.616E+04  2.143E-12
  18  9.908E+04  1.423E-12
  18  1.139E+05  9.458E-13
  18  1.310E+05  6.282E-13
  18  1.506E+05  4.176E-13
  18  1.732E+05  2.774E-13
  18  1.991E+05  1.844E-13
  18  2.289E+05  1.225E-13
  18  2.632E+05  8.141E-14
  18  3.026E+05  5.408E-14
  18  3.479E+05  3.594E-14
  18  4.000E+05  2.388E-14
  19  3.900E-01  7.867E-04
  19  4.485E-01  8.878E-04
  19  5.156E-01  9.991E-04
  19  5.928E-01  1.121E-03
  19  6.817E-01  1.255E-03
  19  7.835E-01  1.398E-03
  19  9.009E-01  1.553E-03
  19  1.036E+00  1.718E-03
  19  1.191E+00  1.892E-03
  19  1.369E+00  2.072E-03
  19  1.574E+00  2.258E-03
  19  1.810E+00  2.446E-03
  19  2.081E+00  2.632E-03
  19  2.393E+00  2.813E-03
  19  2.751E+00  2.986E-03
  19  3.163E+00  3.144E-03
  19  3.637E+00  3.283E-03
  19  4.181E+00  3.399E-03
  19  4.809E+00  3.486E-03
  19  5.526E+00  3.540E-03
  19  6.357E+00  3.558E-03
  19  7.309E+00  3.536E-03
  19  8.401E+00  3.475E-03
  19  9.660E+00  3.372E-03
  19  1.111E+01  3.231E-03
  19  1.277E+01  3.053E-03
  19  1.468E+01  2.845E-03
  19  1.688E+01  2.612E-03
  19  1.941E+01  2.362E-03
  19  2.232E+01  2.101E-03
  19  2.566E+01  1.839E-03
  19  2.950E+01  1.583E-03
  19  3.392E+01  1.340E-03
  19  3.900E+01  1.115E-03
  19  4.485E+01  9.116E-04
  19  5.156E+01  7.336E-04
  19  5.928E+01  5.806E-04
  19  6.817E+01  4.521E-04
  19  7.835E+01  3.471E-04
  19  9.009E+01  2.624E-04
  19  1.036E+02  1.957E-04
  19  1.191E+02  1.440E-04
  19  1.369E+02  1.048E-04
  19  1.574E+02  7.533E-05
  19  1.810E+02  5.361E-05
  19  2.081E+02  3.781E-05
  19  2.393E+02  2.644E-05
  19  2.751E+02  1.834E-05
  19  3.163E+02  1.264E-05
  19  3.637E+02  8.654E-06
  19  4.181E+02  5.896E-06
  19  4.809E+02  3.991E-06
  19  5.526E+02  2.695E-06
  19  6.357E+02  1.809E-06
  19  7.309E+02  1.211E-06
  19  8.401E+02  8.092E-07
  19  9.660E+02  5.384E-07
  19  1.111E+03  3.576E-07
  19  1.277E+03  2.369E-07
  19  1.468E+03  1.568E-07
  19  1.688E+03  1.036E-07
  19  1.941E+03  6.832E-08
  19  2.232E+03  4.502E-08
  19  2.566E+03  2.963E-08
  19  2.950E+03  1.947E-08
  19  3.392E+03  1.280E-08
  19  3.900E+03  8.400E-09
  19  4.485E+03  5.508E-09
  19  5.156E+03  3.613E-09
  19  5.928E+03  2.368E-09
  19  6.817E+03  1.551E-09
  19  7.835E+03  1.017E-09
  19  9.009E+03  6.655E-10
  19  1.036E+04  4.356E-10
  19  1.191E+04  2.850E-10
  19  1.369E+04  1.865E-10
  19  1.574E+04  1.220E-10
  19  1.810E+04  7.976E-11
  19  2.081E+04  5.216E-11
  19  2.393E+04  3.411E-11
  19  2.751E+04  2.230E-11
  19  3.163E+04  1.458E-11
  19  3.637E+04  9.532E-12
  19  4.181E+04  6.235E-12
  19  4.809E+04  4.071E-12
  19  5.526E+04  2.664E-12
  19  6.357E+04  1.739E-12
  19  7.309E+04  1.136E-12
  19  8.401E+04  7.434E-13
  19  9.660E+04  4.855E-13
  19  1.111E+05  3.173E-13
  19  1.277E+05  2.072E-13
  19  1.468E+05  1.355E-13
  19  1.688E+05  8.850E-14
  19  1.941E+05  5.784E-14
  19  2.232E+05  3.780E-14
  19  2.566E+05  2.470E-14
  19  2.950E+05  1.613E-14
  19  3.392E+05  1.054E-14
  19  3.900E+05  6.888E-15
  20  4.000E-01  3.631E-03
  20  4.600E-01  4.061E-03
  20  5.288E-01  4.523E-03
  20  6.080E-01  5.019E-03
  20  6.992E-01  5.544E-03
  20  8.036E-01  6.093E-03
  20  9.240E-01  6.661E-03
  20  1.062E+00  7.239E-03
  20  1.222E+00  7.818E-03
  20  1.404E+00  8.384E-03
  20  1.615E+00  8.927E-03
  20  1.857E+00  9.430E-03
  20  2.135E+00  9.879E-03
  20  2.454E+00  1.026E-02
  20  2.822E+00  1.056E-02
  20  3.244E+00  1.077E-02
  20  3.730E+00  1.087E-02
  20  4.288E+00  1.087E-02
  20  4.932E+00  1.075E-02
  20  5.668E+00  1.052E-02
  20  6.520E+00  1.019E-02
  20  7.496E+00  9.759E-03
  20  8.616E+00  9.244E-03
  20  9.908E+00  8.656E-03
  20  1.139E+01  8.012E-03
  20  1.310E+01  7.327E-03
  20  1.506E+01  6.623E-03
  20  1.732E+01  5.912E-03
  20  1.991E+01  5.212E-03
  20  2.289E+01  4.537E-03
  20  2.632E+01  3.899E-03
  20  3.026E+01  3.307E-03
  20  3.479E+01  2.769E-03
  20  4.000E+01  2.288E-03
  20  4.600E+01  1.866E-03
  20  5.288E+01  1.504E-03
  20  6.080E+01  1.196E-03
  20  6.992E+01  9.391E-04
  20  8.036E+01  7.297E-04
  20  9.240E+01  5.601E-04
  20  1.062E+02  4.253E-04
  20  1.222E+02  3.196E-04
  20  1.404E+02  2.379E-04
  20  1.615E+02  1.755E-04
  20  1.857E+02  1.283E-04
  20  2.135E+02  9.317E-05
  20  2.454E+02  6.716E-05
  20  2.822E+02  4.809E-05
  20  3.244E+02  3.424E-05
  20  3.730E+02  2.424E-05
  20  4.288E+02  1.709E-05
  20  4.932E+02  1.198E-05
  20  5.668E+02  8.387E-06
  20  6.520E+02  5.835E-06
  20  7.496E+02  4.053E-06
  20  8.616E+02  2.810E-06
  20  9.908E+02  1.941E-06
  20  1.139E+03  1.338E-06
  20  1.310E+03  9.206E-07
  20  1.506E+03  6.328E-07
  20  1.732E+03  4.341E-07
  20  1.991E+03  2.976E-07
  20  2.289E+03  2.037E-07
  20  2.632E+03  1.393E-07
  20  3.026E+03  9.517E-08
  20  3.479E+03  6.500E-08
  20  4.000E+03  4.435E-08
  20  4.600E+03  3.023E-08
  20  5.288E+03  2.061E-08
  20  6.080E+03  1.405E-08
  20  6.992E+03  9.561E-09
  20  8.036E+03  6.517E-09
  20  9.240E+03  4.435E-09
  20  1.062E+04  3.018E-09
  20  1.222E+04  2.053E-09
  20  1.404E+04  1.397E-09
  20  1.615E+04  9.499E-10
  20  1.857E+04  6.458E-10
  20  2.135E+04  4.392E-10
  20  2.454E+04  2.986E-10
  20  2.822E+04  2.030E-10
  20  3.244E+04  1.380E-10
  20  3.730E+04  9.380E-11
  20  4.288E+04  6.380E-11
  20  4.932E+04  4.332E-11
  20  5.668E+04  2.948E-11
  20  6.520E+04  2.000E-11
  20  7.496E+04  1.360E-11
  20  8.616E+04  9.246E-12
  20  9.908E+04  6.280E-12
  20  1.139E+05  4.267E-12
  20  1.310E+05  2.898E-12
  20  1.506E+05  1.970E-12
  20  1.732E+05  1.338E-12
  20  1.991E+05  9.095E-13
  20  2.289E+05  6.181E-13
  20  2.632E+05  4.199E-13
  20  3.026E+05  2.852E-13
  20  3.479E+05  1.938E-13
  20  4.000E+05  1.317E-13
  21  4.500E-01  5.020E-04
  21  5.175E-01  5.634E-04
  21  5.949E-01  6.300E-04
  21  6.840E-01  7.021E-04
  21  7.866E-01  7.795E-04
  21  9.041E-01  8.614E-04
  21  1.039E+00  9.476E-04
  21  1.195E+00  1.037E-03
  21  1.374E+00  1.129E-03
  21  1.580E+00  1.221E-03
  21  1.817E+00  1.312E-03
  21  2.089E+00  1.400E-03
  21  2.402E+00  1.483E-03
  21  2.761E+00  1.559E-03
  21  3.175E+00  1.625E-03
  21  3.650E+00  1.679E-03
  21  4.197E+00  1.719E-03
  21  4.824E+00  1.744E-03
  21  5.549E+00  1.752E-03
  21  6.376E+00  1.741E-03
  21  7.335E+00  1.713E-03
  21  8.433E+00  1.666E-03
  21  9.693E+00  1.603E-03
  21  1.115E+01  1.523E-03
  21  1.282E+01  1.430E-03
  21  1.474E+01  1.325E-03
  21  1.694E+01  1.212E-03
  21  1.948E+01  1.093E-03
  21  2.240E+01  9.720E-04
  21  2.575E+01  8.520E-04
  21  2.961E+01  7.359E-04
  21  3.404E+01  6.260E-04
  21  3.914E+01  5.246E-04
  21  4.500E+01  4.329E-04
  21  5.175E+01  3.517E-04
  21  5.949E+01  2.817E-04
  21  6.840E+01  2.222E-04
  21  7.866E+01  1.728E-04
  21  9.041E+01  1.326E-04
  21  1.039E+02  1.004E-04
  21  1.195E+02  7.506E-05
  21  1.374E+02  5.545E-05
  21  1.580E+02  4.053E-05
  21  1.817E+02  2.931E-05
  21  2.089E+02  2.099E-05
  21  2.402E+02  1.491E-05
  21  2.761E+02  1.051E-05
  21  3.175E+02  7.350E-06
  21  3.650E+02  5.109E-06
  21  4.197E+02  3.530E-06
  21  4.824E+02  2.428E-06
  21  5.548E+02  1.659E-06
  21  6.377E+02  1.132E-06
  21  7.335E+02  7.670E-07
  21  8.433E+02  5.189E-07
  21  9.693E+02  3.503E-07
  21  1.115E+03  2.356E-07
  21  1.282E+03  1.581E-07
  21  1.474E+03  1.059E-07
  21  1.694E+03  7.082E-08
  21  1.948E+03  4.728E-08
  21  2.240E+03  3.154E-08
  21  2.575E+03  2.101E-08
  21  2.961E+03  1.398E-08
  21  3.404E+03  9.288E-09
  21  3.914E+03  6.171E-09
  21  4.500E+03  4.096E-09
  21  5.175E+03  2.715E-09
  21  5.949E+03  1.801E-09
  21  6.840E+03  1.194E-09
  21  7.866E+03  7.902E-10
  21  9.040E+03  5.239E-10
  21  1.040E+04  3.468E-10
  21  1.195E+04  2.295E-10
  21  1.374E+04  1.518E-10
  21  1.580E+04  1.005E-10
  21  1.817E+04  6.645E-11
  21  2.089E+04  4.394E-11
  21  2.402E+04  2.906E-11
  21  2.761E+04  1.921E-11
  21  3.175E+04  1.270E-11
  21  3.650E+04  8.399E-12
  21  4.197E+04  5.552E-12
  21  4.824E+04  3.672E-12
  21  5.548E+04  2.424E-12
  21  6.376E+04  1.604E-12
  21  7.335E+04  1.059E-12
  21  8.433E+04  6.999E-13
  21  9.693E+04  4.629E-13
  21  1.115E+05  3.057E-13
  21  1.282E+05  2.020E-13
  21  1.474E+05  1.334E-13
  21  1.694E+05  8.820E-14
  21  1.948E+05  5.827E-14
  21  2.240E+05  3.851E-14
  21  2.575E+05  2.545E-14
  21  2.961E+05  1.682E-14
  21  3.404E+05  1.111E-14
  21  3.914E+05  7.341E-15
  21  4.500E+05  4.850E-15
  22  4.800E-01  1.638E-03
  22  5.520E-01  1.838E-03
  22  6.346E-01  2.054E-03
  22  7.296E-01  2.288E-03
  22  8.390E-01  2.539E-03
  22  9.643E-01  2.803E-03
  22  1.109E+00  3.082E-03
  22  1.275E+00  3.370E-03
  22  1.466E+00  3.665E-03
  22  1.685E+00  3.960E-03
  22  1.938E+00  4.252E-03
  22  2.228E+00  4.533E-03
  22  2.562E+00  4.796E-03
  22  2.945E+00  5.035E-03
  22  3.386E+00  5.243E-03
  22  3.893E+00  5.411E-03
  22  4.476E+00  5.534E-03
  22  5.146E+00  5.606E-03
  22  5.918E+00  5.623E-03
  22  6.802E+00  5.583E-03
  22  7.824E+00  5.484E-03
  22  8.995E+00  5.328E-03
  22  1.034E+01  5.117E-03
  22  1.189E+01  4.856E-03
  22  1.367E+01  4.551E-03
  22  1.572E+01  4.211E-03
  22  1.807E+01  3.845E-03
  22  2.078E+01  3.463E-03
  22  2.389E+01  3.075E-03
  22  2.747E+01  2.691E-03
  22  3.158E+01  2.320E-03
  22  3.631E+01  1.970E-03
  22  4.175E+01  1.648E-03
  22  4.800E+01  1.358E-03
  22  5.520E+01  1.101E-03
  22  6.346E+01  8.800E-04
  22  7.296E+01  6.928E-04
  22  8.390E+01  5.375E-04
  22  9.643E+01  4.118E-04
  22  1.109E+02  3.110E-04
  22  1.275E+02  2.320E-04
  22  1.466E+02  1.710E-04
  22  1.685E+02  1.247E-04
  22  1.938E+02  8.994E-05
  22  2.228E+02  6.427E-05
  22  2.562E+02  4.553E-05
  22  2.945E+02  3.201E-05
  22  3.386E+02  2.233E-05
  22  3.893E+02  1.548E-05
  22  4.476E+02  1.067E-05
  22  5.146E+02  7.319E-06
  22  5.918E+02  4.989E-06
  22  6.802E+02  3.394E-06
  22  7.824E+02  2.294E-06
  22  8.995E+02  1.548E-06
  22  1.034E+03  1.042E-06
  22  1.189E+03  6.988E-07
  22  1.367E+03  4.678E-07
  22  1.572E+03  3.124E-07
  22  1.807E+03  2.084E-07
  22  2.078E+03  1.388E-07
  22  2.389E+03  9.229E-08
  22  2.747E+03  6.131E-08
  22  3.158E+03  4.068E-08
  22  3.631E+03  2.696E-08
  22  4.175E+03  1.786E-08
  22  4.800E+03  1.182E-08
  22  5.520E+03  7.815E-09
  22  6.346E+03  5.170E-09
  22  7.296E+03  3.417E-09
  22  8.390E+03  2.256E-09
  22  9.643E+03  1.491E-09
  22  1.109E+04  9.844E-10
  22  1.275E+04  6.497E-10
  22  1.466E+04  4.286E-10
  22  1.685E+04  2.828E-10
  22  1.938E+04  1.865E-10
  22  2.228E+04  1.230E-10
  22  2.562E+04  8.111E-11
  22  2.945E+04  5.349E-11
  22  3.386E+04  3.526E-11
  22  3.893E+04  2.325E-11
  22  4.476E+04  1.533E-11
  22  5.146E+04  1.011E-11
  22  5.918E+04  6.655E-12
  22  6.802E+04  4.392E-12
  22  7.824E+04  2.891E-12
  22  8.995E+04  1.905E-12
  22  1.034E+05  1.257E-12
  22  1.189E+05  8.277E-13
  22  1.367E+05  5.454E-13
  22  1.572E+05  3.592E-13
  22  1.807E+05  2.368E-13
  22  2.078E+05  1.560E-13
  22  2.389E+05  1.028E-13
  22  2.747E+05  6.776E-14
  22  3.158E+05  4.464E-14
  22  3.631E+05  2.941E-14
  22  4.175E+05  1.938E-14
  22  4.800E+05  1.277E-14
  23  5.100E-01  9.328E-04
  23  5.865E-01  1.044E-03
  23  6.742E-01  1.164E-03
  23  7.752E-01  1.293E-03
  23  8.915E-01  1.430E-03
  23  1.025E+00  1.574E-03
  23  1.178E+00  1.723E-03
  23  1.355E+00  1.877E-03
  23  1.558E+00  2.031E-03
  23  1.791E+00  2.184E-03
  23  2.059E+00  2.332E-03
  23  2.367E+00  2.472E-03
  23  2.722E+00  2.599E-03
  23  3.129E+00  2.711E-03
  23  3.598E+00  2.803E-03
  23  4.137E+00  2.872E-03
  23  4.756E+00  2.915E-03
  23  5.467E+00  2.930E-03
  23  6.288E+00  2.916E-03
  23  7.227E+00  2.872E-03
  23  8.313E+00  2.798E-03
  23  9.557E+00  2.697E-03
  23  1.099E+01  2.570E-03
  23  1.263E+01  2.420E-03
  23  1.452E+01  2.251E-03
  23  1.670E+01  2.068E-03
  23  1.920E+01  1.876E-03
  23  2.208E+01  1.680E-03
  23  2.538E+01  1.483E-03
  23  2.918E+01  1.292E-03
  23  3.355E+01  1.109E-03
  23  3.858E+01  9.389E-04
  23  4.435E+01  7.834E-04
  23  5.100E+01  6.440E-04
  23  5.865E+01  5.217E-04
  23  6.742E+01  4.168E-04
  23  7.752E+01  3.283E-04
  23  8.915E+01  2.550E-04
  23  1.025E+02  1.957E-04
  23  1.178E+02  1.481E-04
  23  1.355E+02  1.108E-04
  23  1.558E+02  8.196E-05
  23  1.791E+02  6.000E-05
  23  2.059E+02  4.347E-05
  23  2.367E+02  3.121E-05
  23  2.722E+02  2.222E-05
  23  3.129E+02  1.570E-05
  23  3.598E+02  1.102E-05
  23  4.137E+02  7.682E-06
  23  4.756E+02  5.325E-06
  23  5.467E+02  3.675E-06
  23  6.288E+02  2.520E-06
  23  7.227E+02  1.725E-06
  23  8.313E+02  1.174E-06
  23  9.557E+02  7.971E-07
  23  1.099E+03  5.402E-07
  23  1.263E+03  3.647E-07
  23  1.452E+03  2.457E-07
  23  1.670E+03  1.652E-07
  23  1.920E+03  1.110E-07
  23  2.208E+03  7.438E-08
  23  2.538E+03  4.981E-08
  23  2.918E+03  3.331E-08
  23  3.355E+03  2.225E-08
  23  3.858E+03  1.485E-08
  23  4.435E+03  9.907E-09
  23  5.100E+03  6.602E-09
  23  5.865E+03  4.395E-09
  23  6.742E+03  2.928E-09
  23  7.752E+03  1.948E-09
  23  8.915E+03  1.295E-09
  23  1.025E+04  8.622E-10
  23  1.178E+04  5.731E-10
  23  1.355E+04  3.809E-10
  23  1.558E+04  2.530E-10
  23  1.791E+04  1.681E-10
  23  2.059E+04  1.117E-10
  23  2.367E+04  7.414E-11
  23  2.722E+04  4.924E-11
  23  3.129E+04  3.270E-11
  23  3.598E+04  2.171E-11
  23  4.137E+04  1.441E-11
  23  4.756E+04  9.566E-12
  23  5.467E+04  6.354E-12
  23  6.288E+04  4.212E-12
  23  7.227E+04  2.799E-12
  23  8.313E+04  1.855E-12
  23  9.557E+04  1.231E-12
  23  1.099E+05  8.179E-13
  23  1.263E+05  5.425E-13
  23  1.452E+05  3.599E-13
  23  1.670E+05  2.387E-13
  23  1.920E+05  1.585E-13
  23  2.208E+05  1.051E-13
  23  2.538E+05  6.977E-14
  23  2.918E+05  4.631E-14
  23  3.355E+05  3.072E-14
  23  3.858E+05  2.038E-14
  23  4.435E+05  1.353E-14
  23  5.100E+05  8.973E-15
  24  5.200E-01  1.951E-03
  24  5.980E-01  2.181E-03
  24  6.874E-01  2.429E-03
  24  7.904E-01  2.695E-03
  24  9.090E-01  2.978E-03
  24  1.045E+00  3.272E-03
  24  1.201E+00  3.578E-03
  24  1.381E+00  3.889E-03
  24  1.588E+00  4.201E-03
  24  1.826E+00  4.508E-03
  24  2.099E+00  4.802E-03
  24  2.414E+00  5.076E-03
  24  2.775E+00  5.323E-03
  24  3.191E+00  5.534E-03
  24  3.669E+00  5.703E-03
  24  4.218E+00  5.823E-03
  24  4.850E+00  5.889E-03
  24  5.574E+00  5.898E-03
  24  6.412E+00  5.846E-03
  24  7.368E+00  5.735E-03
  24  8.476E+00  5.565E-03
  24  9.745E+00  5.341E-03
  24  1.120E+01  5.069E-03
  24  1.288E+01  4.755E-03
  24  1.481E+01  4.408E-03
  24  1.703E+01  4.036E-03
  24  1.958E+01  3.650E-03
  24  2.251E+01  3.258E-03
  24  2.588E+01  2.871E-03
  24  2.975E+01  2.496E-03
  24  3.421E+01  2.140E-03
  24  3.934E+01  1.810E-03
  24  4.522E+01  1.509E-03
  24  5.200E+01  1.241E-03
  24  5.980E+01  1.006E-03
  24  6.874E+01  8.052E-04
  24  7.904E+01  6.355E-04
  24  9.090E+01  4.948E-04
  24  1.045E+02  3.808E-04
  24  1.201E+02  2.893E-04
  24  1.381E+02  2.173E-04
  24  1.588E+02  1.614E-04
  24  1.826E+02  1.187E-04
  24  2.099E+02  8.642E-05
  24  2.414E+02  6.236E-05
  24  2.775E+02  4.465E-05
  24  3.191E+02  3.173E-05
  24  3.669E+02  2.239E-05
  24  4.218E+02  1.571E-05
  24  4.850E+02  1.096E-05
  24  5.574E+02  7.608E-06
  24  6.412E+02  5.251E-06
  24  7.368E+02  3.618E-06
  24  8.476E+02  2.478E-06
  24  9.745E+02  1.694E-06
  24  1.120E+03  1.155E-06
  24  1.288E+03  7.852E-07
  24  1.481E+03  5.327E-07
  24  1.703E+03  3.606E-07
  24  1.958E+03  2.438E-07
  24  2.251E+03  1.646E-07
  24  2.588E+03  1.110E-07
  24  2.975E+03  7.472E-08
  24  3.421E+03  5.026E-08
  24  3.934E+03  3.377E-08
  24  4.522E+03  2.269E-08
  24  5.200E+03  1.522E-08
  24  5.980E+03  1.020E-08
  24  6.874E+03  6.845E-09
  24  7.904E+03  4.586E-09
  24  9.090E+03  3.070E-09
  24  1.045E+04  2.058E-09
  24  1.201E+04  1.378E-09
  24  1.381E+04  9.219E-10
  24  1.588E+04  6.167E-10
  24  1.826E+04  4.127E-10
  24  2.099E+04  2.760E-10
  24  2.414E+04  1.845E-10
  24  2.775E+04  1.234E-10
  24  3.191E+04  8.252E-11
  24  3.669E+04  5.516E-11
  24  4.218E+04  3.688E-11
  24  4.850E+04  2.465E-11
  24  5.574E+04  1.649E-11
  24  6.412E+04  1.101E-11
  24  7.368E+04  7.367E-12
  24  8.476E+04  4.916E-12
  24  9.745E+04  3.286E-12
  24  1.120E+05  2.198E-12
  24  1.288E+05  1.468E-12
  24  1.481E+05  9.808E-13
  24  1.703E+05  6.551E-13
  24  1.958E+05  4.379E-13
  24  2.251E+05  2.926E-13
  24  2.588E+05  1.955E-13
  24  2.975E+05  1.307E-13
  24  3.421E+05  8.730E-14
  24  3.934E+05  5.831E-14
  24  4.522E+05  3.897E-14
  24  5.200E+05  2.603E-14
  25  5.500E-01  9.699E-04
  25  6.325E-01  1.085E-03
  25  7.271E-01  1.209E-03
  25  8.360E-01  1.341E-03
  25  9.614E-01  1.483E-03
  25  1.105E+00  1.630E-03
  25  1.270E+00  1.783E-03
  25  1.461E+00  1.939E-03
  25  1.680E+00  2.096E-03
  25  1.931E+00  2.251E-03
  25  2.220E+00  2.400E-03
  25  2.553E+00  2.540E-03
  25  2.935E+00  2.666E-03
  25  3.375E+00  2.775E-03
  25  3.880E+00  2.864E-03
  25  4.461E+00  2.929E-03
  25  5.129E+00  2.967E-03
  25  5.896E+00  2.977E-03
  25  6.782E+00  2.957E-03
  25  7.793E+00  2.907E-03
  25  8.965E+00  2.827E-03
  25  1.031E+01  2.721E-03
  25  1.185E+01  2.589E-03
  25  1.362E+01  2.436E-03
  25  1.566E+01  2.265E-03
  25  1.801E+01  2.080E-03
  25  2.071E+01  1.887E-03
  25  2.381E+01  1.691E-03
  25  2.737E+01  1.495E-03
  25  3.147E+01  1.305E-03
  25  3.618E+01  1.123E-03
  25  4.161E+01  9.535E-04
  25  4.783E+01  7.987E-04
  25  5.500E+01  6.596E-04
  25  6.325E+01  5.372E-04
  25  7.271E+01  4.318E-04
  25  8.360E+01  3.424E-04
  25  9.614E+01  2.679E-04
  25  1.105E+02  2.072E-04
  25  1.270E+02  1.582E-04
  25  1.461E+02  1.195E-04
  25  1.680E+02  8.920E-05
  25  1.931E+02  6.596E-05
  25  2.220E+02  4.830E-05
  25  2.553E+02  3.506E-05
  25  2.935E+02  2.525E-05
  25  3.375E+02  1.805E-05
  25  3.880E+02  1.282E-05
  25  4.461E+02  9.047E-06
  25  5.129E+02  6.349E-06
  25  5.896E+02  4.437E-06
  25  6.781E+02  3.082E-06
  25  7.794E+02  2.137E-06
  25  8.965E+02  1.473E-06
  25  1.031E+03  1.014E-06
  25  1.185E+03  6.962E-07
  25  1.362E+03  4.763E-07
  25  1.566E+03  3.253E-07
  25  1.801E+03  2.217E-07
  25  2.071E+03  1.509E-07
  25  2.381E+03  1.026E-07
  25  2.737E+03  6.962E-08
  25  3.147E+03  4.721E-08
  25  3.618E+03  3.197E-08
  25  4.161E+03  2.163E-08
  25  4.783E+03  1.463E-08
  25  5.500E+03  9.886E-09
  25  6.325E+03  6.673E-09
  25  7.271E+03  4.507E-09
  25  8.360E+03  3.041E-09
  25  9.614E+03  2.050E-09
  25  1.105E+04  1.384E-09
  25  1.270E+04  9.325E-10
  25  1.461E+04  6.284E-10
  25  1.680E+04  4.233E-10
  25  1.931E+04  2.852E-10
  25  2.220E+04  1.921E-10
  25  2.553E+04  1.293E-10
  25  2.935E+04  8.709E-11
  25  3.375E+04  5.864E-11
  25  3.880E+04  3.948E-11
  25  4.461E+04  2.658E-11
  25  5.129E+04  1.789E-11
  25  5.896E+04  1.205E-11
  25  6.782E+04  8.101E-12
  25  7.794E+04  5.459E-12
  25  8.965E+04  3.669E-12
  25  1.031E+05  2.469E-12
  25  1.185E+05  1.663E-12
  25  1.362E+05  1.119E-12
  25  1.566E+05  7.526E-13
  25  1.801E+05  5.062E-13
  25  2.071E+05  3.407E-13
  25  2.381E+05  2.292E-13
  25  2.737E+05  1.543E-13
  25  3.147E+05  1.038E-13
  25  3.618E+05  6.985E-14
  25  4.161E+05  4.698E-14
  25  4.783E+05  3.162E-14
  25  5.500E+05  2.127E-14
  26  5.600E-01  9.950E-03
  26  6.440E-01  1.113E-02
  26  7.403E-01  1.240E-02
  26  8.512E-01  1.377E-02
  26  9.789E-01  1.522E-02
  26  1.125E+00  1.674E-02
  26  1.294E+00  1.832E-02
  26  1.487E+00  1.993E-02
  26  1.710E+00  2.155E-02
  26  1.966E+00  2.315E-02
  26  2.261E+00  2.470E-02
  26  2.600E+00  2.615E-02
  26  2.989E+00  2.747E-02
  26  3.436E+00  2.861E-02
  26  3.951E+00  2.955E-02
  26  4.542E+00  3.025E-02
  26  5.223E+00  3.068E-02
  26  6.003E+00  3.082E-02
  26  6.905E+00  3.066E-02
  26  7.935E+00  3.020E-02
  26  9.128E+00  2.945E-02
  26  1.049E+01  2.841E-02
  26  1.206E+01  2.713E-02
  26  1.387E+01  2.561E-02
  26  1.595E+01  2.392E-02
  26  1.834E+01  2.208E-02
  26  2.108E+01  2.016E-02
  26  2.424E+01  1.818E-02
  26  2.787E+01  1.620E-02
  26  3.204E+01  1.426E-02
  26  3.684E+01  1.239E-02
  26  4.236E+01  1.064E-02
  26  4.870E+01  9.015E-03
  26  5.600E+01  7.543E-03
  26  6.440E+01  6.231E-03
  26  7.403E+01  5.086E-03
  26  8.512E+01  4.100E-03
  26  9.789E+01  3.264E-03
  26  1.125E+02  2.572E-03
  26  1.294E+02  2.003E-03
  26  1.487E+02  1.543E-03
  26  1.710E+02  1.178E-03
  26  1.966E+02  8.903E-04
  26  2.261E+02  6.671E-04
  26  2.600E+02  4.958E-04
  26  2.989E+02  3.658E-04
  26  3.436E+02  2.681E-04
  26  3.951E+02  1.953E-04
  26  4.542E+02  1.414E-04
  26  5.223E+02  1.019E-04
  26  6.003E+02  7.314E-05
  26  6.905E+02  5.220E-05
  26  7.935E+02  3.719E-05
  26  9.128E+02  2.636E-05
  26  1.049E+03  1.865E-05
  26  1.206E+03  1.317E-05
  26  1.387E+03  9.265E-06
  26  1.595E+03  6.509E-06
  26  1.834E+03  4.563E-06
  26  2.108E+03  3.196E-06
  26  2.424E+03  2.235E-06
  26  2.787E+03  1.561E-06
  26  3.204E+03  1.090E-06
  26  3.684E+03  7.596E-07
  26  4.236E+03  5.290E-07
  26  4.870E+03  3.683E-07
  26  5.600E+03  2.562E-07
  26  6.440E+03  1.780E-07
  26  7.403E+03  1.238E-07
  26  8.512E+03  8.599E-08
  26  9.789E+03  5.968E-08
  26  1.125E+04  4.147E-08
  26  1.294E+04  2.878E-08
  26  1.487E+04  1.997E-08
  26  1.710E+04  1.385E-08
  26  1.966E+04  9.609E-09
  26  2.261E+04  6.663E-09
  26  2.600E+04  4.619E-09
  26  2.989E+04  3.203E-09
  26  3.436E+04  2.221E-09
  26  3.951E+04  1.539E-09
  26  4.542E+04  1.067E-09
  26  5.223E+04  7.396E-10
  26  6.003E+04  5.130E-10
  26  6.905E+04  3.551E-10
  26  7.935E+04  2.464E-10
  26  9.128E+04  1.705E-10
  26  1.049E+05  1.182E-10
  26  1.206E+05  8.196E-11
  26  1.387E+05  5.677E-11
  26  1.595E+05  3.933E-11
  26  1.834E+05  2.724E-11
  26  2.108E+05  1.888E-11
  26  2.424E+05  1.308E-11
  26  2.787E+05  9.065E-12
  26  3.204E+05  6.281E-12
  26  3.684E+05  4.352E-12
  26  4.236E+05  3.014E-12
  26  4.870E+05  2.089E-12
  26  5.600E+05  1.447E-12
  27  5.900E-01  3.084E-05
  27  6.785E-01  3.485E-05
  27  7.800E-01  3.928E-05
  27  8.968E-01  4.416E-05
  27  1.031E+00  4.951E-05
  27  1.185E+00  5.531E-05
  27  1.363E+00  6.159E-05
  27  1.567E+00  6.833E-05
  27  1.802E+00  7.548E-05
  27  2.071E+00  8.300E-05
  27  2.382E+00  9.082E-05
  27  2.739E+00  9.884E-05
  27  3.149E+00  1.070E-04
  27  3.620E+00  1.150E-04
  27  4.162E+00  1.229E-04
  27  4.785E+00  1.304E-04
  27  5.502E+00  1.373E-04
  27  6.325E+00  1.435E-04
  27  7.275E+00  1.487E-04
  27  8.360E+00  1.526E-04
  27  9.617E+00  1.553E-04
  27  1.106E+01  1.564E-04
  27  1.271E+01  1.560E-04
  27  1.461E+01  1.538E-04
  27  1.680E+01  1.498E-04
  27  1.932E+01  1.442E-04
  27  2.221E+01  1.371E-04
  27  2.554E+01  1.285E-04
  27  2.936E+01  1.188E-04
  27  3.376E+01  1.083E-04
  27  3.882E+01  9.730E-05
  27  4.463E+01  8.607E-05
  27  5.131E+01  7.501E-05
  27  5.900E+01  6.436E-05
  27  6.785E+01  5.438E-05
  27  7.800E+01  4.528E-05
  27  8.968E+01  3.715E-05
  27  1.031E+02  3.004E-05
  27  1.185E+02  2.398E-05
  27  1.363E+02  1.889E-05
  27  1.567E+02  1.469E-05
  27  1.802E+02  1.130E-05
  27  2.071E+02  8.599E-06
  27  2.382E+02  6.478E-06
  27  2.739E+02  4.836E-06
  27  3.149E+02  3.581E-06
  27  3.620E+02  2.632E-06
  27  4.162E+02  1.921E-06
  27  4.785E+02  1.394E-06
  27  5.502E+02  1.006E-06
  27  6.325E+02  7.227E-07
  27  7.275E+02  5.162E-07
  27  8.360E+02  3.681E-07
  27  9.617E+02  2.610E-07
  27  1.106E+03  1.847E-07
  27  1.271E+03  1.304E-07
  27  1.461E+03  9.182E-08
  27  1.680E+03  6.452E-08
  27  1.932E+03  4.524E-08
  27  2.221E+03  3.169E-08
  27  2.554E+03  2.216E-08
  27  2.936E+03  1.548E-08
  27  3.376E+03  1.081E-08
  27  3.882E+03  7.533E-09
  27  4.463E+03  5.246E-09
  27  5.131E+03  3.652E-09
  27  5.900E+03  2.541E-09
  27  6.785E+03  1.765E-09
  27  7.800E+03  1.227E-09
  27  8.968E+03  8.527E-10
  27  1.031E+04  5.918E-10
  27  1.185E+04  4.113E-10
  27  1.363E+04  2.854E-10
  27  1.567E+04  1.980E-10
  27  1.802E+04  1.373E-10
  27  2.071E+04  9.529E-11
  27  2.382E+04  6.608E-11
  27  2.739E+04  4.581E-11
  27  3.149E+04  3.176E-11
  27  3.620E+04  2.202E-11
  27  4.162E+04  1.527E-11
  27  4.785E+04  1.058E-11
  27  5.502E+04  7.335E-12
  27  6.325E+04  5.087E-12
  27  7.275E+04  3.522E-12
  27  8.360E+04  2.444E-12
  27  9.617E+04  1.691E-12
  27  1.106E+05  1.172E-12
  27  1.271E+05  8.128E-13
  27  1.461E+05  5.629E-13
  27  1.680E+05  3.900E-13
  27  1.932E+05  2.702E-13
  27  2.221E+05  1.872E-13
  27  2.554E+05  1.297E-13
  27  2.936E+05  8.989E-14
  27  3.376E+05  6.229E-14
  27  3.882E+05  4.316E-14
  27  4.463E+05  2.989E-14
  27  5.131E+05  2.072E-14
  27  5.900E+05  1.435E-14
  28  5.900E-01  3.103E-04
  28  6.785E-01  3.487E-04
  28  7.800E-01  3.906E-04
  28  8.968E-01  4.361E-04
  28  1.031E+00  4.852E-04
  28  1.185E+00  5.374E-04
  28  1.363E+00  5.928E-04
  28  1.567E+00  6.506E-04
  28  1.802E+00  7.103E-04
  28  2.071E+00  7.710E-04
  28  2.382E+00  8.319E-04
  28  2.739E+00  8.916E-04
  28  3.149E+00  9.490E-04
  28  3.620E+00  1.003E-03
  28  4.162E+00  1.051E-03
  28  4.785E+00  1.093E-03
  28  5.502E+00  1.127E-03
  28  6.325E+00  1.152E-03
  28  7.275E+00  1.166E-03
  28  8.360E+00  1.170E-03
  28  9.617E+00  1.162E-03
  28  1.106E+01  1.142E-03
  28  1.271E+01  1.111E-03
  28  1.461E+01  1.068E-03
  28  1.680E+01  1.016E-03
  28  1.932E+01  9.550E-04
  28  2.221E+01  8.869E-04
  28  2.554E+01  8.133E-04
  28  2.936E+01  7.363E-04
  28  3.376E+01  6.579E-04
  28  3.882E+01  5.799E-04
  28  4.463E+01  5.042E-04
  28  5.131E+01  4.325E-04
  28  5.900E+01  3.658E-04
  28  6.785E+01  3.051E-04
  28  7.800E+01  2.512E-04
  28  8.968E+01  2.040E-04
  28  1.031E+02  1.636E-04
  28  1.185E+02  1.296E-04
  28  1.363E+02  1.014E-04
  28  1.567E+02  7.849E-05
  28  1.802E+02  6.009E-05
  28  2.071E+02  4.557E-05
  28  2.382E+02  3.423E-05
  28  2.739E+02  2.549E-05
  28  3.149E+02  1.884E-05
  28  3.620E+02  1.383E-05
  28  4.162E+02  1.008E-05
  28  4.785E+02  7.308E-06
  28  5.502E+02  5.269E-06
  28  6.325E+02  3.783E-06
  28  7.275E+02  2.701E-06
  28  8.360E+02  1.926E-06
  28  9.617E+02  1.365E-06
  28  1.106E+03  9.658E-07
  28  1.271E+03  6.821E-07
  28  1.461E+03  4.800E-07
  28  1.680E+03  3.373E-07
  28  1.932E+03  2.365E-07
  28  2.221E+03  1.657E-07
  28  2.554E+03  1.159E-07
  28  2.936E+03  8.094E-08
  28  3.376E+03  5.649E-08
  28  3.882E+03  3.938E-08
  28  4.463E+03  2.742E-08
  28  5.131E+03  1.909E-08
  28  5.900E+03  1.328E-08
  28  6.785E+03  9.229E-09
  28  7.800E+03  6.417E-09
  28  8.968E+03  4.458E-09
  28  1.031E+04  3.094E-09
  28  1.185E+04  2.150E-09
  28  1.363E+04  1.492E-09
  28  1.567E+04  1.035E-09
  28  1.802E+04  7.180E-10
  28  2.071E+04  4.982E-10
  28  2.382E+04  3.455E-10
  28  2.739E+04  2.395E-10
  28  3.149E+04  1.661E-10
  28  3.620E+04  1.151E-10
  28  4.162E+04  7.981E-11
  28  4.785E+04  5.533E-11
  28  5.502E+04  3.835E-11
  28  6.325E+04  2.659E-11
  28  7.275E+04  1.841E-11
  28  8.360E+04  1.278E-11
  28  9.617E+04  8.842E-12
  28  1.106E+05  6.128E-12
  28  1.271E+05  4.249E-12
  28  1.461E+05  2.943E-12
  28  1.680E+05  2.039E-12
  28  1.932E+05  1.412E-12
  28  2.221E+05  9.789E-13
  28  2.554E+05  6.782E-13
  28  2.936E+05  4.700E-13
  28  3.376E+05  3.257E-13
  28  3.882E+05  2.256E-13
  28  4.463E+05  1.563E-13
  28  5.131E+05  1.083E-13
  28  5.900E+05  7.503E-14
